{"/home/travis/build/npmtest/node-npmtest-smtp-server/test.js":{"path":"/home/travis/build/npmtest/node-npmtest-smtp-server/test.js","s":{"1":2,"2":2,"3":2,"4":2,"5":2,"6":2,"7":2,"8":1,"9":2,"10":2,"11":1,"12":1,"13":1,"14":1,"15":2,"16":2,"17":2,"18":2,"19":1,"20":1,"21":2,"22":2,"23":2,"24":1,"25":1,"26":1,"27":1,"28":1,"29":1,"30":1,"31":1,"32":1,"33":1,"34":1,"35":1,"36":1,"37":1,"38":1,"39":2,"40":2,"41":1,"42":2,"43":2,"44":1,"45":2,"46":2,"47":1,"48":2,"49":2,"50":1,"51":1,"52":1,"53":1,"54":1},"b":{"1":[2,1,1,1],"2":[1,1,1,1],"3":[1,1],"4":[1,1],"5":[1,1],"6":[1,1],"7":[1,1],"8":[1,1],"9":[1,1],"10":[1,1,1],"11":[1,1],"12":[1,1],"13":[1,1],"14":[1,1],"15":[1,1],"16":[1,1],"17":[1,1]},"f":{"1":2,"2":2,"3":2,"4":2,"5":2,"6":1,"7":1,"8":1,"9":2,"10":2,"11":2,"12":2,"13":1},"fnMap":{"1":{"name":"(anonymous_1)","line":12,"loc":{"start":{"line":12,"column":1},"end":{"line":12,"column":13}}},"2":{"name":"(anonymous_2)","line":19,"loc":{"start":{"line":19,"column":5},"end":{"line":19,"column":17}}},"3":{"name":"(anonymous_3)","line":23,"loc":{"start":{"line":23,"column":24},"end":{"line":23,"column":36}}},"4":{"name":"(anonymous_4)","line":61,"loc":{"start":{"line":61,"column":5},"end":{"line":61,"column":17}}},"5":{"name":"(anonymous_5)","line":82,"loc":{"start":{"line":82,"column":5},"end":{"line":82,"column":17}}},"6":{"name":"(anonymous_6)","line":91,"loc":{"start":{"line":91,"column":77},"end":{"line":94,"column":10}}},"7":{"name":"(anonymous_7)","line":112,"loc":{"start":{"line":112,"column":83},"end":{"line":115,"column":10}},"skip":true},"8":{"name":"(anonymous_8)","line":123,"loc":{"start":{"line":123,"column":77},"end":{"line":126,"column":10}},"skip":true},"9":{"name":"(anonymous_9)","line":139,"loc":{"start":{"line":139,"column":12},"end":{"line":139,"column":40}},"skip":true},"10":{"name":"(anonymous_10)","line":147,"loc":{"start":{"line":147,"column":77},"end":{"line":150,"column":10}},"skip":true},"11":{"name":"(anonymous_11)","line":158,"loc":{"start":{"line":158,"column":83},"end":{"line":161,"column":10}},"skip":true},"12":{"name":"(anonymous_12)","line":169,"loc":{"start":{"line":169,"column":79},"end":{"line":172,"column":10}},"skip":true},"13":{"name":"(anonymous_13)","line":180,"loc":{"start":{"line":180,"column":75},"end":{"line":183,"column":10}},"skip":true}},"statementMap":{"1":{"start":{"line":12,"column":0},"end":{"line":195,"column":5}},"2":{"start":{"line":14,"column":4},"end":{"line":14,"column":14}},"3":{"start":{"line":19,"column":4},"end":{"line":56,"column":9}},"4":{"start":{"line":21,"column":8},"end":{"line":21,"column":19}},"5":{"start":{"line":23,"column":8},"end":{"line":35,"column":13}},"6":{"start":{"line":24,"column":12},"end":{"line":34,"column":13}},"7":{"start":{"line":25,"column":16},"end":{"line":28,"column":30}},"8":{"start":{"line":30,"column":16},"end":{"line":33,"column":27}},"9":{"start":{"line":37,"column":8},"end":{"line":39,"column":21}},"10":{"start":{"line":40,"column":8},"end":{"line":53,"column":9}},"11":{"start":{"line":43,"column":12},"end":{"line":46,"column":14}},"12":{"start":{"line":47,"column":12},"end":{"line":47,"column":18}},"13":{"start":{"line":50,"column":12},"end":{"line":51,"column":33}},"14":{"start":{"line":52,"column":12},"end":{"line":52,"column":18}},"15":{"start":{"line":55,"column":8},"end":{"line":55,"column":35}},"16":{"start":{"line":61,"column":4},"end":{"line":63,"column":9}},"17":{"start":{"line":62,"column":8},"end":{"line":62,"column":15}},"18":{"start":{"line":64,"column":4},"end":{"line":77,"column":5}},"19":{"start":{"line":70,"column":8},"end":{"line":70,"column":14}},"20":{"start":{"line":76,"column":8},"end":{"line":76,"column":14}},"21":{"start":{"line":82,"column":4},"end":{"line":84,"column":9}},"22":{"start":{"line":83,"column":8},"end":{"line":83,"column":15}},"23":{"start":{"line":85,"column":4},"end":{"line":194,"column":5}},"24":{"start":{"line":91,"column":8},"end":{"line":99,"column":10}},"25":{"start":{"line":98,"column":12},"end":{"line":98,"column":35}},"26":{"start":{"line":102,"column":8},"end":{"line":104,"column":63}},"27":{"start":{"line":105,"column":8},"end":{"line":105,"column":14}},"28":{"start":{"line":112,"column":8},"end":{"line":121,"column":10},"skip":true},"29":{"start":{"line":119,"column":12},"end":{"line":119,"column":55},"skip":true},"30":{"start":{"line":120,"column":12},"end":{"line":120,"column":48},"skip":true},"31":{"start":{"line":123,"column":8},"end":{"line":136,"column":10},"skip":true},"32":{"start":{"line":130,"column":12},"end":{"line":130,"column":76},"skip":true},"33":{"start":{"line":131,"column":12},"end":{"line":131,"column":73},"skip":true},"34":{"start":{"line":132,"column":12},"end":{"line":132,"column":74},"skip":true},"35":{"start":{"line":133,"column":12},"end":{"line":133,"column":79},"skip":true},"36":{"start":{"line":134,"column":12},"end":{"line":134,"column":25},"skip":true},"37":{"start":{"line":135,"column":12},"end":{"line":135,"column":45},"skip":true},"38":{"start":{"line":138,"column":8},"end":{"line":145,"column":14},"skip":true},"39":{"start":{"line":143,"column":16},"end":{"line":143,"column":29},"skip":true},"40":{"start":{"line":144,"column":16},"end":{"line":144,"column":55},"skip":true},"41":{"start":{"line":147,"column":8},"end":{"line":156,"column":10},"skip":true},"42":{"start":{"line":154,"column":12},"end":{"line":154,"column":25},"skip":true},"43":{"start":{"line":155,"column":12},"end":{"line":155,"column":45},"skip":true},"44":{"start":{"line":158,"column":8},"end":{"line":167,"column":10},"skip":true},"45":{"start":{"line":165,"column":12},"end":{"line":165,"column":25},"skip":true},"46":{"start":{"line":166,"column":12},"end":{"line":166,"column":48},"skip":true},"47":{"start":{"line":169,"column":8},"end":{"line":178,"column":10},"skip":true},"48":{"start":{"line":176,"column":12},"end":{"line":176,"column":25},"skip":true},"49":{"start":{"line":177,"column":12},"end":{"line":177,"column":46},"skip":true},"50":{"start":{"line":180,"column":8},"end":{"line":189,"column":10},"skip":true},"51":{"start":{"line":187,"column":12},"end":{"line":187,"column":94},"skip":true},"52":{"start":{"line":188,"column":12},"end":{"line":188,"column":48},"skip":true},"53":{"start":{"line":192,"column":8},"end":{"line":192,"column":35},"skip":true},"54":{"start":{"line":193,"column":8},"end":{"line":193,"column":14},"skip":true}},"branchMap":{"1":{"line":25,"type":"binary-expr","locations":[{"start":{"line":25,"column":23},"end":{"line":25,"column":62}},{"start":{"line":26,"column":20},"end":{"line":26,"column":70}},{"start":{"line":27,"column":20},"end":{"line":27,"column":71}},{"start":{"line":28,"column":20},"end":{"line":28,"column":29}}]},"2":{"line":30,"type":"binary-expr","locations":[{"start":{"line":30,"column":23},"end":{"line":30,"column":37}},{"start":{"line":31,"column":20},"end":{"line":31,"column":61}},{"start":{"line":32,"column":20},"end":{"line":32,"column":70}},{"start":{"line":33,"column":20},"end":{"line":33,"column":26}}]},"3":{"line":37,"type":"cond-expr","locations":[{"start":{"line":38,"column":14},"end":{"line":38,"column":20}},{"start":{"line":39,"column":14},"end":{"line":39,"column":20}}]},"4":{"line":40,"type":"switch","locations":[{"start":{"line":42,"column":8},"end":{"line":47,"column":18}},{"start":{"line":49,"column":8},"end":{"line":52,"column":18}}]},"5":{"line":44,"type":"binary-expr","locations":[{"start":{"line":44,"column":16},"end":{"line":44,"column":44}},{"start":{"line":44,"column":48},"end":{"line":44,"column":66}}]},"6":{"line":50,"type":"binary-expr","locations":[{"start":{"line":50,"column":21},"end":{"line":50,"column":49}},{"start":{"line":50,"column":53},"end":{"line":50,"column":72}}]},"7":{"line":64,"type":"switch","locations":[{"start":{"line":69,"column":4},"end":{"line":70,"column":14}},{"start":{"line":75,"column":4},"end":{"line":76,"column":14}}]},"8":{"line":85,"type":"switch","locations":[{"start":{"line":90,"column":4},"end":{"line":105,"column":14}},{"start":{"line":111,"column":4},"end":{"line":193,"column":14},"skip":true}]},"9":{"line":91,"type":"binary-expr","locations":[{"start":{"line":91,"column":42},"end":{"line":91,"column":73}},{"start":{"line":91,"column":77},"end":{"line":99,"column":9}}]},"10":{"line":102,"type":"binary-expr","locations":[{"start":{"line":102,"column":18},"end":{"line":102,"column":32}},{"start":{"line":103,"column":12},"end":{"line":103,"column":53}},{"start":{"line":104,"column":12},"end":{"line":104,"column":61}}]},"11":{"line":112,"type":"binary-expr","locations":[{"start":{"line":112,"column":45},"end":{"line":112,"column":79},"skip":true},{"start":{"line":112,"column":83},"end":{"line":121,"column":9},"skip":true}]},"12":{"line":123,"type":"binary-expr","locations":[{"start":{"line":123,"column":42},"end":{"line":123,"column":73},"skip":true},{"start":{"line":123,"column":77},"end":{"line":136,"column":9},"skip":true}]},"13":{"line":138,"type":"binary-expr","locations":[{"start":{"line":138,"column":48},"end":{"line":138,"column":85},"skip":true},{"start":{"line":139,"column":12},"end":{"line":145,"column":13},"skip":true}]},"14":{"line":147,"type":"binary-expr","locations":[{"start":{"line":147,"column":42},"end":{"line":147,"column":73},"skip":true},{"start":{"line":147,"column":77},"end":{"line":156,"column":9},"skip":true}]},"15":{"line":158,"type":"binary-expr","locations":[{"start":{"line":158,"column":45},"end":{"line":158,"column":79},"skip":true},{"start":{"line":158,"column":83},"end":{"line":167,"column":9},"skip":true}]},"16":{"line":169,"type":"binary-expr","locations":[{"start":{"line":169,"column":43},"end":{"line":169,"column":75},"skip":true},{"start":{"line":169,"column":79},"end":{"line":178,"column":9},"skip":true}]},"17":{"line":180,"type":"binary-expr","locations":[{"start":{"line":180,"column":41},"end":{"line":180,"column":71},"skip":true},{"start":{"line":180,"column":75},"end":{"line":189,"column":9},"skip":true}]}},"code":["/* istanbul instrument in package npmtest_smtp_server */","/*jslint","    bitwise: true,","    browser: true,","    maxerr: 8,","    maxlen: 96,","    node: true,","    nomen: true,","    regexp: true,","    stupid: true","*/","(function () {","    'use strict';","    var local;","","","","    // run shared js-env code - pre-init","    (function () {","        // init local","        local = {};","        // init modeJs","        local.modeJs = (function () {","            try {","                return typeof navigator.userAgent === 'string' &&","                    typeof document.querySelector('body') === 'object' &&","                    typeof XMLHttpRequest.prototype.open === 'function' &&","                    'browser';","            } catch (errorCaughtBrowser) {","                return module.exports &&","                    typeof process.versions.node === 'string' &&","                    typeof require('http').createServer === 'function' &&","                    'node';","            }","        }());","        // init global","        local.global = local.modeJs === 'browser'","            ? window","            : global;","        switch (local.modeJs) {","        // re-init local from window.local","        case 'browser':","            local = local.global.utility2.objectSetDefault(","                local.global.utility2_rollup || local.global.local,","                local.global.utility2","            );","            break;","        // re-init local from example.js","        case 'node':","            local = (local.global.utility2_rollup || require('utility2'))","                .requireReadme();","            break;","        }","        // export local","        local.global.local = local;","    }());","","","","    // run shared js-env code - function","    (function () {","        return;","    }());","    switch (local.modeJs) {","","","","    // run browser js-env code - function","    case 'browser':","        break;","","","","    // run node js-env code - function","    case 'node':","        break;","    }","","","","    // run shared js-env code - post-init","    (function () {","        return;","    }());","    switch (local.modeJs) {","","","","    // run browser js-env code - post-init","    case 'browser':","        local.testCase_browser_nullCase = local.testCase_browser_nullCase || function (","            options,","            onError","        ) {","        /*","         * this function will test browsers's null-case handling-behavior-behavior","         */","            onError(null, options);","        };","","        // run tests","        local.nop(local.modeTest &&","            document.querySelector('#testRunButton1') &&","            document.querySelector('#testRunButton1').click());","        break;","","","","    // run node js-env code - post-init","    /* istanbul ignore next */","    case 'node':","        local.testCase_buildApidoc_default = local.testCase_buildApidoc_default || function (","            options,","            onError","        ) {","        /*","         * this function will test buildApidoc's default handling-behavior-behavior","         */","            options = { modulePathList: module.paths };","            local.buildApidoc(options, onError);","        };","","        local.testCase_buildApp_default = local.testCase_buildApp_default || function (","            options,","            onError","        ) {","        /*","         * this function will test buildApp's default handling-behavior-behavior","         */","            local.testCase_buildReadme_default(options, local.onErrorThrow);","            local.testCase_buildLib_default(options, local.onErrorThrow);","            local.testCase_buildTest_default(options, local.onErrorThrow);","            local.testCase_buildCustomOrg_default(options, local.onErrorThrow);","            options = [];","            local.buildApp(options, onError);","        };","","        local.testCase_buildCustomOrg_default = local.testCase_buildCustomOrg_default ||","            function (options, onError) {","            /*","             * this function will test buildCustomOrg's default handling-behavior","             */","                options = {};","                local.buildCustomOrg(options, onError);","            };","","        local.testCase_buildLib_default = local.testCase_buildLib_default || function (","            options,","            onError","        ) {","        /*","         * this function will test buildLib's default handling-behavior","         */","            options = {};","            local.buildLib(options, onError);","        };","","        local.testCase_buildReadme_default = local.testCase_buildReadme_default || function (","            options,","            onError","        ) {","        /*","         * this function will test buildReadme's default handling-behavior-behavior","         */","            options = {};","            local.buildReadme(options, onError);","        };","","        local.testCase_buildTest_default = local.testCase_buildTest_default || function (","            options,","            onError","        ) {","        /*","         * this function will test buildTest's default handling-behavior","         */","            options = {};","            local.buildTest(options, onError);","        };","","        local.testCase_webpage_default = local.testCase_webpage_default || function (","            options,","            onError","        ) {","        /*","         * this function will test webpage's default handling-behavior","         */","            options = { modeCoverageMerge: true, url: local.serverLocalHost + '?modeTest=1' };","            local.browserTest(options, onError);","        };","","        // run test-server","        local.testRunServer(local);","        break;","    }","}());",""],"l":{"12":2,"14":2,"19":2,"21":2,"23":2,"24":2,"25":2,"30":1,"37":2,"40":2,"43":1,"47":1,"50":1,"52":1,"55":2,"61":2,"62":2,"64":2,"70":1,"76":1,"82":2,"83":2,"85":2,"91":1,"98":1,"102":1,"105":1,"112":1,"119":1,"120":1,"123":1,"130":1,"131":1,"132":1,"133":1,"134":1,"135":1,"138":1,"143":2,"144":2,"147":1,"154":2,"155":2,"158":1,"165":2,"166":2,"169":1,"176":2,"177":2,"180":1,"187":1,"188":1,"192":1,"193":1}},"/home/travis/build/npmtest/node-npmtest-smtp-server/lib.npmtest_smtp_server.js":{"path":"/home/travis/build/npmtest/node-npmtest-smtp-server/lib.npmtest_smtp_server.js","s":{"1":2,"2":2,"3":2,"4":2,"5":2,"6":2,"7":2,"8":1,"9":2,"10":2,"11":2,"12":2,"13":1,"14":1,"15":1,"16":1},"b":{"1":[2,1,1,1],"2":[1,1,1,1],"3":[1,1],"4":[2,2],"5":[1,1]},"f":{"1":2,"2":2,"3":2},"fnMap":{"1":{"name":"(anonymous_1)","line":12,"loc":{"start":{"line":12,"column":1},"end":{"line":12,"column":13}}},"2":{"name":"(anonymous_2)","line":19,"loc":{"start":{"line":19,"column":5},"end":{"line":19,"column":17}}},"3":{"name":"(anonymous_3)","line":23,"loc":{"start":{"line":23,"column":24},"end":{"line":23,"column":36}}}},"statementMap":{"1":{"start":{"line":12,"column":0},"end":{"line":53,"column":5}},"2":{"start":{"line":14,"column":4},"end":{"line":14,"column":14}},"3":{"start":{"line":19,"column":4},"end":{"line":52,"column":9}},"4":{"start":{"line":21,"column":8},"end":{"line":21,"column":19}},"5":{"start":{"line":23,"column":8},"end":{"line":35,"column":13}},"6":{"start":{"line":24,"column":12},"end":{"line":34,"column":13}},"7":{"start":{"line":25,"column":16},"end":{"line":28,"column":30}},"8":{"start":{"line":30,"column":16},"end":{"line":33,"column":27}},"9":{"start":{"line":37,"column":8},"end":{"line":39,"column":21}},"10":{"start":{"line":41,"column":8},"end":{"line":41,"column":54}},"11":{"start":{"line":43,"column":8},"end":{"line":43,"column":56}},"12":{"start":{"line":45,"column":8},"end":{"line":51,"column":9}},"13":{"start":{"line":46,"column":12},"end":{"line":46,"column":62}},"14":{"start":{"line":48,"column":12},"end":{"line":48,"column":35}},"15":{"start":{"line":49,"column":12},"end":{"line":49,"column":49}},"16":{"start":{"line":50,"column":12},"end":{"line":50,"column":43}}},"branchMap":{"1":{"line":25,"type":"binary-expr","locations":[{"start":{"line":25,"column":23},"end":{"line":25,"column":62}},{"start":{"line":26,"column":20},"end":{"line":26,"column":70}},{"start":{"line":27,"column":20},"end":{"line":27,"column":71}},{"start":{"line":28,"column":20},"end":{"line":28,"column":29}}]},"2":{"line":30,"type":"binary-expr","locations":[{"start":{"line":30,"column":23},"end":{"line":30,"column":37}},{"start":{"line":31,"column":20},"end":{"line":31,"column":61}},{"start":{"line":32,"column":20},"end":{"line":32,"column":70}},{"start":{"line":33,"column":20},"end":{"line":33,"column":26}}]},"3":{"line":37,"type":"cond-expr","locations":[{"start":{"line":38,"column":14},"end":{"line":38,"column":20}},{"start":{"line":39,"column":14},"end":{"line":39,"column":20}}]},"4":{"line":41,"type":"binary-expr","locations":[{"start":{"line":41,"column":16},"end":{"line":41,"column":44}},{"start":{"line":41,"column":48},"end":{"line":41,"column":53}}]},"5":{"line":45,"type":"if","locations":[{"start":{"line":45,"column":8},"end":{"line":45,"column":8}},{"start":{"line":45,"column":8},"end":{"line":45,"column":8}}]}},"code":["/* istanbul instrument in package npmtest_smtp_server */","/*jslint","    bitwise: true,","    browser: true,","    maxerr: 8,","    maxlen: 96,","    node: true,","    nomen: true,","    regexp: true,","    stupid: true","*/","(function () {","    'use strict';","    var local;","","","","    // run shared js-env code - pre-init","    (function () {","        // init local","        local = {};","        // init modeJs","        local.modeJs = (function () {","            try {","                return typeof navigator.userAgent === 'string' &&","                    typeof document.querySelector('body') === 'object' &&","                    typeof XMLHttpRequest.prototype.open === 'function' &&","                    'browser';","            } catch (errorCaughtBrowser) {","                return module.exports &&","                    typeof process.versions.node === 'string' &&","                    typeof require('http').createServer === 'function' &&","                    'node';","            }","        }());","        // init global","        local.global = local.modeJs === 'browser'","            ? window","            : global;","        // init utility2_rollup","        local = local.global.utility2_rollup || local;","        // init lib","        local.local = local.npmtest_smtp_server = local;","        // init exports","        if (local.modeJs === 'browser') {","            local.global.utility2_npmtest_smtp_server = local;","        } else {","            module.exports = local;","            module.exports.__dirname = __dirname;","            module.exports.module = module;","        }","    }());","}());",""],"l":{"12":2,"14":2,"19":2,"21":2,"23":2,"24":2,"25":2,"30":1,"37":2,"41":2,"43":2,"45":2,"46":1,"48":1,"49":1,"50":1}},"/home/travis/build/npmtest/node-npmtest-smtp-server/example.js":{"path":"/home/travis/build/npmtest/node-npmtest-smtp-server/example.js","s":{"1":2,"2":2,"3":2,"4":2,"5":2,"6":2,"7":2,"8":1,"9":2,"10":2,"11":2,"12":2,"13":1,"14":2,"15":2,"16":2,"17":2,"18":2,"19":0,"20":2,"21":1,"22":1,"23":1,"24":1,"25":1,"26":0,"27":0,"28":1,"29":1,"30":2,"31":0,"32":0,"33":0,"34":1,"35":2,"36":2,"37":3,"38":3,"39":3,"40":3,"41":0,"42":3,"43":3,"44":3,"45":1,"46":3,"47":1,"48":1,"49":1,"50":1,"51":1,"52":1,"53":1,"54":1,"55":1,"56":1,"57":0,"58":1,"59":6,"60":6,"61":1,"62":2,"63":0,"64":2,"65":1,"66":1,"67":0,"68":0,"69":0,"70":0,"71":0,"72":0,"73":0,"74":0,"75":0,"76":0,"77":0,"78":0,"79":0,"80":0,"81":0,"82":0,"83":0},"b":{"1":[2,1,1,1],"2":[1,1,1,1],"3":[1,1],"4":[2,2],"5":[1,1],"6":[1,1],"7":[2,0],"8":[2,1,1,1,1,1],"9":[0,2,0],"10":[1,1],"11":[2,1,1],"12":[1,0],"13":[0,2],"14":[2,0,0,0,0,0,0],"15":[0,3],"16":[3,0],"17":[1,1],"18":[0,1],"19":[1,2,0,2],"20":[1,0],"21":[1,1],"22":[0,0],"23":[0,0],"24":[0,0],"25":[0,0],"26":[0,0],"27":[0,0],"28":[0,0]},"f":{"1":2,"2":2,"3":2,"4":2,"5":2,"6":2,"7":3,"8":3,"9":3,"10":1,"11":6,"12":0},"fnMap":{"1":{"name":"(anonymous_1)","line":26,"loc":{"start":{"line":26,"column":1},"end":{"line":26,"column":13}}},"2":{"name":"(anonymous_2)","line":33,"loc":{"start":{"line":33,"column":5},"end":{"line":33,"column":17}}},"3":{"name":"(anonymous_3)","line":37,"loc":{"start":{"line":37,"column":24},"end":{"line":37,"column":36}}},"4":{"name":"(anonymous_4)","line":69,"loc":{"start":{"line":69,"column":31},"end":{"line":69,"column":48}},"skip":true},"5":{"name":"(anonymous_5)","line":78,"loc":{"start":{"line":78,"column":26},"end":{"line":78,"column":45}},"skip":true},"6":{"name":"(anonymous_6)","line":123,"loc":{"start":{"line":123,"column":33},"end":{"line":123,"column":48}},"skip":true},"7":{"name":"(anonymous_7)","line":125,"loc":{"start":{"line":125,"column":27},"end":{"line":125,"column":39}},"skip":true},"8":{"name":"(anonymous_8)","line":133,"loc":{"start":{"line":133,"column":59},"end":{"line":133,"column":74}},"skip":true},"9":{"name":"(anonymous_9)","line":143,"loc":{"start":{"line":143,"column":45},"end":{"line":143,"column":62}},"skip":true},"10":{"name":"(anonymous_10)","line":144,"loc":{"start":{"line":144,"column":73},"end":{"line":144,"column":92}},"skip":true},"11":{"name":"(anonymous_11)","line":272,"loc":{"start":{"line":272,"column":51},"end":{"line":272,"column":77}},"skip":true},"12":{"name":"(anonymous_12)","line":315,"loc":{"start":{"line":315,"column":32},"end":{"line":315,"column":61}},"skip":true}},"statementMap":{"1":{"start":{"line":26,"column":0},"end":{"line":326,"column":5}},"2":{"start":{"line":28,"column":4},"end":{"line":28,"column":14}},"3":{"start":{"line":33,"column":4},"end":{"line":60,"column":9}},"4":{"start":{"line":35,"column":8},"end":{"line":35,"column":19}},"5":{"start":{"line":37,"column":8},"end":{"line":49,"column":13}},"6":{"start":{"line":38,"column":12},"end":{"line":48,"column":13}},"7":{"start":{"line":39,"column":16},"end":{"line":42,"column":30}},"8":{"start":{"line":44,"column":16},"end":{"line":47,"column":27}},"9":{"start":{"line":51,"column":8},"end":{"line":53,"column":21}},"10":{"start":{"line":55,"column":8},"end":{"line":57,"column":45}},"11":{"start":{"line":59,"column":8},"end":{"line":59,"column":35}},"12":{"start":{"line":61,"column":4},"end":{"line":325,"column":5}},"13":{"start":{"line":69,"column":8},"end":{"line":121,"column":10},"skip":true},"14":{"start":{"line":70,"column":12},"end":{"line":88,"column":13},"skip":true},"15":{"start":{"line":76,"column":16},"end":{"line":87,"column":19},"skip":true},"16":{"start":{"line":79,"column":20},"end":{"line":86,"column":21},"skip":true},"17":{"start":{"line":82,"column":24},"end":{"line":82,"column":43},"skip":true},"18":{"start":{"line":83,"column":24},"end":{"line":83,"column":30},"skip":true},"19":{"start":{"line":85,"column":24},"end":{"line":85,"column":49},"skip":true},"20":{"start":{"line":89,"column":12},"end":{"line":107,"column":13},"skip":true},"21":{"start":{"line":92,"column":16},"end":{"line":102,"column":17},"skip":true},"22":{"start":{"line":93,"column":20},"end":{"line":93,"column":86},"skip":true},"23":{"start":{"line":94,"column":20},"end":{"line":95,"column":45},"skip":true},"24":{"start":{"line":96,"column":20},"end":{"line":96,"column":42},"skip":true},"25":{"start":{"line":97,"column":20},"end":{"line":97,"column":48},"skip":true},"26":{"start":{"line":100,"column":20},"end":{"line":100,"column":85},"skip":true},"27":{"start":{"line":101,"column":20},"end":{"line":101,"column":96},"skip":true},"28":{"start":{"line":103,"column":16},"end":{"line":103,"column":22},"skip":true},"29":{"start":{"line":106,"column":16},"end":{"line":106,"column":22},"skip":true},"30":{"start":{"line":108,"column":12},"end":{"line":120,"column":13},"skip":true},"31":{"start":{"line":114,"column":16},"end":{"line":119,"column":17},"skip":true},"32":{"start":{"line":116,"column":20},"end":{"line":116,"column":78},"skip":true},"33":{"start":{"line":118,"column":20},"end":{"line":118,"column":47},"skip":true},"34":{"start":{"line":123,"column":8},"end":{"line":141,"column":11},"skip":true},"35":{"start":{"line":124,"column":12},"end":{"line":124,"column":54},"skip":true},"36":{"start":{"line":125,"column":12},"end":{"line":140,"column":14},"skip":true},"37":{"start":{"line":126,"column":16},"end":{"line":126,"column":28},"skip":true},"38":{"start":{"line":127,"column":16},"end":{"line":127,"column":69},"skip":true},"39":{"start":{"line":128,"column":16},"end":{"line":128,"column":75},"skip":true},"40":{"start":{"line":129,"column":16},"end":{"line":131,"column":17},"skip":true},"41":{"start":{"line":130,"column":20},"end":{"line":130,"column":27},"skip":true},"42":{"start":{"line":133,"column":16},"end":{"line":137,"column":36},"skip":true},"43":{"start":{"line":134,"column":20},"end":{"line":136,"column":55},"skip":true},"44":{"start":{"line":139,"column":16},"end":{"line":139,"column":57},"skip":true},"45":{"start":{"line":143,"column":8},"end":{"line":147,"column":11},"skip":true},"46":{"start":{"line":144,"column":12},"end":{"line":146,"column":15},"skip":true},"47":{"start":{"line":145,"column":16},"end":{"line":145,"column":70},"skip":true},"48":{"start":{"line":149,"column":8},"end":{"line":149,"column":31},"skip":true},"49":{"start":{"line":150,"column":8},"end":{"line":150,"column":14},"skip":true},"50":{"start":{"line":158,"column":8},"end":{"line":158,"column":31},"skip":true},"51":{"start":{"line":160,"column":8},"end":{"line":160,"column":33},"skip":true},"52":{"start":{"line":161,"column":8},"end":{"line":161,"column":37},"skip":true},"53":{"start":{"line":162,"column":8},"end":{"line":162,"column":35},"skip":true},"54":{"start":{"line":164,"column":8},"end":{"line":164,"column":50},"skip":true},"55":{"start":{"line":166,"column":8},"end":{"line":256,"column":2},"skip":true},"56":{"start":{"line":258,"column":8},"end":{"line":286,"column":9},"skip":true},"57":{"start":{"line":259,"column":12},"end":{"line":269,"column":14},"skip":true},"58":{"start":{"line":271,"column":12},"end":{"line":285,"column":19},"skip":true},"59":{"start":{"line":274,"column":20},"end":{"line":274,"column":35},"skip":true},"60":{"start":{"line":275,"column":20},"end":{"line":284,"column":21},"skip":true},"61":{"start":{"line":277,"column":24},"end":{"line":277,"column":64},"skip":true},"62":{"start":{"line":279,"column":24},"end":{"line":279,"column":40},"skip":true},"63":{"start":{"line":281,"column":24},"end":{"line":281,"column":40},"skip":true},"64":{"start":{"line":283,"column":24},"end":{"line":283,"column":39},"skip":true},"65":{"start":{"line":288,"column":8},"end":{"line":290,"column":9},"skip":true},"66":{"start":{"line":289,"column":12},"end":{"line":289,"column":18},"skip":true},"67":{"start":{"line":291,"column":8},"end":{"line":293,"column":54},"skip":true},"68":{"start":{"line":296,"column":8},"end":{"line":301,"column":37},"skip":true},"69":{"start":{"line":303,"column":8},"end":{"line":303,"column":82},"skip":true},"70":{"start":{"line":306,"column":8},"end":{"line":308,"column":9},"skip":true},"71":{"start":{"line":307,"column":12},"end":{"line":307,"column":82},"skip":true},"72":{"start":{"line":310,"column":8},"end":{"line":312,"column":9},"skip":true},"73":{"start":{"line":311,"column":12},"end":{"line":311,"column":18},"skip":true},"74":{"start":{"line":313,"column":8},"end":{"line":313,"column":54},"skip":true},"75":{"start":{"line":314,"column":8},"end":{"line":314,"column":69},"skip":true},"76":{"start":{"line":315,"column":8},"end":{"line":323,"column":36},"skip":true},"77":{"start":{"line":316,"column":12},"end":{"line":316,"column":61},"skip":true},"78":{"start":{"line":317,"column":12},"end":{"line":320,"column":13},"skip":true},"79":{"start":{"line":318,"column":16},"end":{"line":318,"column":75},"skip":true},"80":{"start":{"line":319,"column":16},"end":{"line":319,"column":23},"skip":true},"81":{"start":{"line":321,"column":12},"end":{"line":321,"column":38},"skip":true},"82":{"start":{"line":322,"column":12},"end":{"line":322,"column":27},"skip":true},"83":{"start":{"line":324,"column":8},"end":{"line":324,"column":14},"skip":true}},"branchMap":{"1":{"line":39,"type":"binary-expr","locations":[{"start":{"line":39,"column":23},"end":{"line":39,"column":62}},{"start":{"line":40,"column":20},"end":{"line":40,"column":70}},{"start":{"line":41,"column":20},"end":{"line":41,"column":71}},{"start":{"line":42,"column":20},"end":{"line":42,"column":29}}]},"2":{"line":44,"type":"binary-expr","locations":[{"start":{"line":44,"column":23},"end":{"line":44,"column":37}},{"start":{"line":45,"column":20},"end":{"line":45,"column":61}},{"start":{"line":46,"column":20},"end":{"line":46,"column":70}},{"start":{"line":47,"column":20},"end":{"line":47,"column":26}}]},"3":{"line":51,"type":"cond-expr","locations":[{"start":{"line":52,"column":14},"end":{"line":52,"column":20}},{"start":{"line":53,"column":14},"end":{"line":53,"column":20}}]},"4":{"line":55,"type":"binary-expr","locations":[{"start":{"line":55,"column":16},"end":{"line":55,"column":44}},{"start":{"line":55,"column":49},"end":{"line":57,"column":43}}]},"5":{"line":55,"type":"cond-expr","locations":[{"start":{"line":56,"column":14},"end":{"line":56,"column":55}},{"start":{"line":57,"column":14},"end":{"line":57,"column":43}}]},"6":{"line":61,"type":"switch","locations":[{"start":{"line":68,"column":4},"end":{"line":150,"column":14},"skip":true},{"start":{"line":156,"column":4},"end":{"line":324,"column":14},"skip":true}]},"7":{"line":70,"type":"if","locations":[{"start":{"line":70,"column":12},"end":{"line":70,"column":12},"skip":true},{"start":{"line":70,"column":12},"end":{"line":70,"column":12},"skip":true}]},"8":{"line":70,"type":"binary-expr","locations":[{"start":{"line":70,"column":16},"end":{"line":70,"column":22},"skip":true},{"start":{"line":70,"column":27},"end":{"line":70,"column":32},"skip":true},{"start":{"line":71,"column":20},"end":{"line":71,"column":39},"skip":true},{"start":{"line":72,"column":20},"end":{"line":72,"column":49},"skip":true},{"start":{"line":73,"column":20},"end":{"line":73,"column":58},"skip":true},{"start":{"line":74,"column":20},"end":{"line":74,"column":69},"skip":true}]},"9":{"line":79,"type":"switch","locations":[{"start":{"line":80,"column":20},"end":{"line":80,"column":33},"skip":true},{"start":{"line":81,"column":20},"end":{"line":83,"column":30},"skip":true},{"start":{"line":84,"column":20},"end":{"line":85,"column":49},"skip":true}]},"10":{"line":89,"type":"switch","locations":[{"start":{"line":90,"column":12},"end":{"line":103,"column":22},"skip":true},{"start":{"line":105,"column":12},"end":{"line":106,"column":22},"skip":true}]},"11":{"line":89,"type":"binary-expr","locations":[{"start":{"line":89,"column":20},"end":{"line":89,"column":25},"skip":true},{"start":{"line":89,"column":29},"end":{"line":89,"column":48},"skip":true},{"start":{"line":89,"column":52},"end":{"line":89,"column":74},"skip":true}]},"12":{"line":92,"type":"if","locations":[{"start":{"line":92,"column":16},"end":{"line":92,"column":16},"skip":true},{"start":{"line":92,"column":16},"end":{"line":92,"column":16},"skip":true}]},"13":{"line":108,"type":"if","locations":[{"start":{"line":108,"column":12},"end":{"line":108,"column":12},"skip":true},{"start":{"line":108,"column":12},"end":{"line":108,"column":12},"skip":true}]},"14":{"line":108,"type":"binary-expr","locations":[{"start":{"line":108,"column":16},"end":{"line":108,"column":61},"skip":true},{"start":{"line":108,"column":66},"end":{"line":108,"column":72},"skip":true},{"start":{"line":108,"column":77},"end":{"line":108,"column":82},"skip":true},{"start":{"line":109,"column":20},"end":{"line":109,"column":39},"skip":true},{"start":{"line":110,"column":20},"end":{"line":110,"column":49},"skip":true},{"start":{"line":111,"column":20},"end":{"line":111,"column":58},"skip":true},{"start":{"line":112,"column":20},"end":{"line":112,"column":68},"skip":true}]},"15":{"line":129,"type":"if","locations":[{"start":{"line":129,"column":16},"end":{"line":129,"column":16},"skip":true},{"start":{"line":129,"column":16},"end":{"line":129,"column":16},"skip":true}]},"16":{"line":134,"type":"cond-expr","locations":[{"start":{"line":135,"column":26},"end":{"line":135,"column":29},"skip":true},{"start":{"line":136,"column":26},"end":{"line":136,"column":54},"skip":true}]},"17":{"line":164,"type":"binary-expr","locations":[{"start":{"line":164,"column":27},"end":{"line":164,"column":43},"skip":true},{"start":{"line":164,"column":47},"end":{"line":164,"column":49},"skip":true}]},"18":{"line":258,"type":"if","locations":[{"start":{"line":258,"column":8},"end":{"line":258,"column":8},"skip":true},{"start":{"line":258,"column":8},"end":{"line":258,"column":8},"skip":true}]},"19":{"line":275,"type":"switch","locations":[{"start":{"line":276,"column":20},"end":{"line":277,"column":64},"skip":true},{"start":{"line":278,"column":20},"end":{"line":279,"column":40},"skip":true},{"start":{"line":280,"column":20},"end":{"line":281,"column":40},"skip":true},{"start":{"line":282,"column":20},"end":{"line":283,"column":39},"skip":true}]},"20":{"line":288,"type":"if","locations":[{"start":{"line":288,"column":8},"end":{"line":288,"column":8},"skip":true},{"start":{"line":288,"column":8},"end":{"line":288,"column":8},"skip":true}]},"21":{"line":288,"type":"binary-expr","locations":[{"start":{"line":288,"column":12},"end":{"line":288,"column":40},"skip":true},{"start":{"line":288,"column":44},"end":{"line":288,"column":67},"skip":true}]},"22":{"line":292,"type":"binary-expr","locations":[{"start":{"line":292,"column":12},"end":{"line":292,"column":50},"skip":true},{"start":{"line":293,"column":12},"end":{"line":293,"column":53},"skip":true}]},"23":{"line":297,"type":"binary-expr","locations":[{"start":{"line":297,"column":12},"end":{"line":297,"column":69},"skip":true},{"start":{"line":298,"column":12},"end":{"line":301,"column":36},"skip":true}]},"24":{"line":303,"type":"binary-expr","locations":[{"start":{"line":303,"column":43},"end":{"line":303,"column":75},"skip":true},{"start":{"line":303,"column":79},"end":{"line":303,"column":81},"skip":true}]},"25":{"line":306,"type":"if","locations":[{"start":{"line":306,"column":8},"end":{"line":306,"column":8},"skip":true},{"start":{"line":306,"column":8},"end":{"line":306,"column":8},"skip":true}]},"26":{"line":310,"type":"if","locations":[{"start":{"line":310,"column":8},"end":{"line":310,"column":8},"skip":true},{"start":{"line":310,"column":8},"end":{"line":310,"column":8},"skip":true}]},"27":{"line":313,"type":"binary-expr","locations":[{"start":{"line":313,"column":27},"end":{"line":313,"column":43},"skip":true},{"start":{"line":313,"column":47},"end":{"line":313,"column":53},"skip":true}]},"28":{"line":317,"type":"if","locations":[{"start":{"line":317,"column":12},"end":{"line":317,"column":12},"skip":true},{"start":{"line":317,"column":12},"end":{"line":317,"column":12},"skip":true}]}},"code":["/*","example.js","","quickstart example","","instruction","    1. save this script as example.js","    2. run the shell command:","        $ npm install npmtest-smtp-server && PORT=8081 node example.js","    3. play with the browser-demo on http://127.0.0.1:8081","*/","","","","/* istanbul instrument in package npmtest_smtp_server */","/*jslint","    bitwise: true,","    browser: true,","    maxerr: 8,","    maxlen: 96,","    node: true,","    nomen: true,","    regexp: true,","    stupid: true","*/","(function () {","    'use strict';","    var local;","","","","    // run shared js-env code - pre-init","    (function () {","        // init local","        local = {};","        // init modeJs","        local.modeJs = (function () {","            try {","                return typeof navigator.userAgent === 'string' &&","                    typeof document.querySelector('body') === 'object' &&","                    typeof XMLHttpRequest.prototype.open === 'function' &&","                    'browser';","            } catch (errorCaughtBrowser) {","                return module.exports &&","                    typeof process.versions.node === 'string' &&","                    typeof require('http').createServer === 'function' &&","                    'node';","            }","        }());","        // init global","        local.global = local.modeJs === 'browser'","            ? window","            : global;","        // init utility2_rollup","        local = local.global.utility2_rollup || (local.modeJs === 'browser'","            ? local.global.utility2_npmtest_smtp_server","            : global.utility2_moduleExports);","        // export local","        local.global.local = local;","    }());","    switch (local.modeJs) {","","","","    // post-init","    // run browser js-env code - post-init","    /* istanbul ignore next */","    case 'browser':","        local.testRunBrowser = function (event) {","            if (!event || (event &&","                    event.currentTarget &&","                    event.currentTarget.className &&","                    event.currentTarget.className.includes &&","                    event.currentTarget.className.includes('onreset'))) {","                // reset output","                Array.from(","                    document.querySelectorAll('body > .resettable')","                ).forEach(function (element) {","                    switch (element.tagName) {","                    case 'INPUT':","                    case 'TEXTAREA':","                        element.value = '';","                        break;","                    default:","                        element.textContent = '';","                    }","                });","            }","            switch (event && event.currentTarget && event.currentTarget.id) {","            case 'testRunButton1':","                // show tests","                if (document.querySelector('#testReportDiv1').style.display === 'none') {","                    document.querySelector('#testReportDiv1').style.display = 'block';","                    document.querySelector('#testRunButton1').textContent =","                        'hide internal test';","                    local.modeTest = true;","                    local.testRunDefault(local);","                // hide tests","                } else {","                    document.querySelector('#testReportDiv1').style.display = 'none';","                    document.querySelector('#testRunButton1').textContent = 'run internal test';","                }","                break;","            // custom-case","            default:","                break;","            }","            if (document.querySelector('#inputTextareaEval1') && (!event || (event &&","                    event.currentTarget &&","                    event.currentTarget.className &&","                    event.currentTarget.className.includes &&","                    event.currentTarget.className.includes('oneval')))) {","                // try to eval input-code","                try {","                    /*jslint evil: true*/","                    eval(document.querySelector('#inputTextareaEval1').value);","                } catch (errorCaught) {","                    console.error(errorCaught);","                }","            }","        };","        // log stderr and stdout to #outputTextareaStdout1","        ['error', 'log'].forEach(function (key) {","            console[key + '_original'] = console[key];","            console[key] = function () {","                var element;","                console[key + '_original'].apply(console, arguments);","                element = document.querySelector('#outputTextareaStdout1');","                if (!element) {","                    return;","                }","                // append text to #outputTextareaStdout1","                element.value += Array.from(arguments).map(function (arg) {","                    return typeof arg === 'string'","                        ? arg","                        : JSON.stringify(arg, null, 4);","                }).join(' ') + '\\n';","                // scroll textarea to bottom","                element.scrollTop = element.scrollHeight;","            };","        });","        // init event-handling","        ['change', 'click', 'keyup'].forEach(function (event) {","            Array.from(document.querySelectorAll('.on' + event)).forEach(function (element) {","                element.addEventListener(event, local.testRunBrowser);","            });","        });","        // run tests","        local.testRunBrowser();","        break;","","","","    // run node js-env code - post-init","    /* istanbul ignore next */","    case 'node':","        // export local","        module.exports = local;","        // require modules","        local.fs = require('fs');","        local.http = require('http');","        local.url = require('url');","        // init assets","        local.assetsDict = local.assetsDict || {};","        /* jslint-ignore-begin */","        local.assetsDict['/assets.index.template.html'] = '\\","<!doctype html>\\n\\","<html lang=\"en\">\\n\\","<head>\\n\\","<meta charset=\"UTF-8\">\\n\\","<meta name=\"viewport\" content=\"width=device-width, initial-scale=1\">\\n\\","<title>{{env.npm_package_name}} (v{{env.npm_package_version}})</title>\\n\\","<style>\\n\\","/*csslint\\n\\","    box-sizing: false,\\n\\","    universal-selector: false\\n\\","*/\\n\\","* {\\n\\","    box-sizing: border-box;\\n\\","}\\n\\","body {\\n\\","    background: #dde;\\n\\","    font-family: Arial, Helvetica, sans-serif;\\n\\","    margin: 2rem;\\n\\","}\\n\\","body > * {\\n\\","    margin-bottom: 1rem;\\n\\","}\\n\\",".utility2FooterDiv {\\n\\","    margin-top: 20px;\\n\\","    text-align: center;\\n\\","}\\n\\","</style>\\n\\","<style>\\n\\","/*csslint\\n\\","*/\\n\\","textarea {\\n\\","    font-family: monospace;\\n\\","    height: 10rem;\\n\\","    width: 100%;\\n\\","}\\n\\","textarea[readonly] {\\n\\","    background: #ddd;\\n\\","}\\n\\","</style>\\n\\","</head>\\n\\","<body>\\n\\","<!-- utility2-comment\\n\\","<div id=\"ajaxProgressDiv1\" style=\"background: #d00; height: 2px; left: 0; margin: 0; padding: 0; position: fixed; top: 0; transition: background 0.5s, width 1.5s; width: 25%;\"></div>\\n\\","utility2-comment -->\\n\\","<h1>\\n\\","<!-- utility2-comment\\n\\","    <a\\n\\","        {{#if env.npm_package_homepage}}\\n\\","        href=\"{{env.npm_package_homepage}}\"\\n\\","        {{/if env.npm_package_homepage}}\\n\\","        target=\"_blank\"\\n\\","    >\\n\\","utility2-comment -->\\n\\","        {{env.npm_package_name}} (v{{env.npm_package_version}})\\n\\","<!-- utility2-comment\\n\\","    </a>\\n\\","utility2-comment -->\\n\\","</h1>\\n\\","<h3>{{env.npm_package_description}}</h3>\\n\\","<!-- utility2-comment\\n\\","<h4><a download href=\"assets.app.js\">download standalone app</a></h4>\\n\\","<button class=\"onclick onreset\" id=\"testRunButton1\">run internal test</button><br>\\n\\","<div id=\"testReportDiv1\" style=\"display: none;\"></div>\\n\\","utility2-comment -->\\n\\","\\n\\","\\n\\","\\n\\","<label>stderr and stdout</label>\\n\\","<textarea class=\"resettable\" id=\"outputTextareaStdout1\" readonly></textarea>\\n\\","<!-- utility2-comment\\n\\","{{#if isRollup}}\\n\\","<script src=\"assets.app.js\"></script>\\n\\","{{#unless isRollup}}\\n\\","utility2-comment -->\\n\\","<script src=\"assets.utility2.rollup.js\"></script>\\n\\","<script src=\"jsonp.utility2._stateInit?callback=window.utility2._stateInit\"></script>\\n\\","<script src=\"assets.npmtest_smtp_server.rollup.js\"></script>\\n\\","<script src=\"assets.example.js\"></script>\\n\\","<script src=\"assets.test.js\"></script>\\n\\","<!-- utility2-comment\\n\\","{{/if isRollup}}\\n\\","utility2-comment -->\\n\\","<div class=\"utility2FooterDiv\">\\n\\","    [ this app was created with\\n\\","    <a href=\"https://github.com/kaizhu256/node-utility2\" target=\"_blank\">utility2</a>\\n\\","    ]\\n\\","</div>\\n\\","</body>\\n\\","</html>\\n\\","';","        /* jslint-ignore-end */","        if (local.templateRender) {","            local.assetsDict['/'] = local.templateRender(","                local.assetsDict['/assets.index.template.html'],","                {","                    env: local.objectSetDefault(local.env, {","                        npm_package_description: 'the greatest app in the world!',","                        npm_package_name: 'my-app',","                        npm_package_nameAlias: 'my_app',","                        npm_package_version: '0.0.1'","                    })","                }","            );","        } else {","            local.assetsDict['/'] = local.assetsDict['/assets.index.template.html']","                .replace((/\\{\\{env\\.(\\w+?)\\}\\}/g), function (match0, match1) {","                    // jslint-hack","                    String(match0);","                    switch (match1) {","                    case 'npm_package_description':","                        return 'the greatest app in the world!';","                    case 'npm_package_name':","                        return 'my-app';","                    case 'npm_package_nameAlias':","                        return 'my_app';","                    case 'npm_package_version':","                        return '0.0.1';","                    }","                });","        }","        // run the cli","        if (local.global.utility2_rollup || module !== require.main) {","            break;","        }","        local.assetsDict['/assets.example.js'] =","            local.assetsDict['/assets.example.js'] ||","            local.fs.readFileSync(__filename, 'utf8');","        // bug-workaround - long $npm_package_buildCustomOrg","        /* jslint-ignore-begin */","        local.assetsDict['/assets.npmtest_smtp_server.rollup.js'] =","            local.assetsDict['/assets.npmtest_smtp_server.rollup.js'] ||","            local.fs.readFileSync(","                local.npmtest_smtp_server.__dirname + '/lib.npmtest_smtp_server.js',","                'utf8'","            ).replace((/^#!/), '//');","        /* jslint-ignore-end */","        local.assetsDict['/favicon.ico'] = local.assetsDict['/favicon.ico'] || '';","        // if $npm_config_timeout_exit exists,","        // then exit this process after $npm_config_timeout_exit ms","        if (Number(process.env.npm_config_timeout_exit)) {","            setTimeout(process.exit, Number(process.env.npm_config_timeout_exit));","        }","        // start server","        if (local.global.utility2_serverHttp1) {","            break;","        }","        process.env.PORT = process.env.PORT || '8081';","        console.error('server starting on port ' + process.env.PORT);","        local.http.createServer(function (request, response) {","            request.urlParsed = local.url.parse(request.url);","            if (local.assetsDict[request.urlParsed.pathname] !== undefined) {","                response.end(local.assetsDict[request.urlParsed.pathname]);","                return;","            }","            response.statusCode = 404;","            response.end();","        }).listen(process.env.PORT);","        break;","    }","}());",""],"l":{"26":2,"28":2,"33":2,"35":2,"37":2,"38":2,"39":2,"44":1,"51":2,"55":2,"59":2,"61":2,"69":1,"70":2,"76":2,"79":2,"82":2,"83":2,"85":1,"89":2,"92":1,"93":1,"94":1,"96":1,"97":1,"100":1,"101":1,"103":1,"106":1,"108":2,"114":1,"116":1,"118":1,"123":1,"124":2,"125":2,"126":3,"127":3,"128":3,"129":3,"130":1,"133":3,"134":3,"139":3,"143":1,"144":3,"145":1,"149":1,"150":1,"158":1,"160":1,"161":1,"162":1,"164":1,"166":1,"258":1,"259":1,"271":1,"274":6,"275":6,"277":1,"279":2,"281":1,"283":2,"288":1,"289":1,"291":1,"296":1,"303":1,"306":1,"307":1,"310":1,"311":1,"313":1,"314":1,"315":1,"316":1,"317":1,"318":1,"319":1,"321":1,"322":1,"324":1}},"/home/travis/build/npmtest/node-npmtest-smtp-server/node_modules/smtp-server/lib/smtp-server.js":{"path":"/home/travis/build/npmtest/node-npmtest-smtp-server/node_modules/smtp-server/lib/smtp-server.js","s":{"1":1,"2":1,"3":1,"4":1,"5":1,"6":1,"7":1,"8":0,"9":0,"10":0,"11":0,"12":0,"13":0,"14":0,"15":0,"16":0,"17":0,"18":0,"19":0,"20":0,"21":0,"22":0,"23":0,"24":0,"25":0,"26":0,"27":0,"28":0,"29":0,"30":0,"31":0,"32":0,"33":0,"34":0,"35":0,"36":0,"37":0,"38":0,"39":0,"40":0,"41":0,"42":0,"43":0,"44":0,"45":0,"46":0,"47":0,"48":0,"49":0,"50":0,"51":0,"52":0,"53":0,"54":0,"55":0,"56":0,"57":0,"58":0,"59":0,"60":0,"61":0,"62":0,"63":0,"64":0,"65":0,"66":0,"67":0,"68":0,"69":0,"70":0,"71":0,"72":0,"73":0,"74":0,"75":0,"76":0,"77":0,"78":0,"79":0,"80":0,"81":0,"82":0,"83":0,"84":0,"85":1},"b":{"1":[0,0],"2":[0,0],"3":[0,0],"4":[0,0],"5":[0,0],"6":[0,0],"7":[0,0],"8":[0,0],"9":[0,0],"10":[0,0],"11":[0,0],"12":[0,0],"13":[0,0],"14":[0,0],"15":[0,0],"16":[0,0],"17":[0,0],"18":[0,0],"19":[0,0],"20":[0,0],"21":[0,0],"22":[0,0],"23":[0,0],"24":[0,0],"25":[0,0],"26":[0,0],"27":[0,0]},"f":{"1":0,"2":0,"3":0,"4":0,"5":0,"6":0,"7":0,"8":0,"9":0,"10":0,"11":0,"12":0,"13":0,"14":0,"15":0},"fnMap":{"1":{"name":"(anonymous_1)","line":19,"loc":{"start":{"line":19,"column":15},"end":{"line":19,"column":25}}},"2":{"name":"(anonymous_2)","line":89,"loc":{"start":{"line":89,"column":11},"end":{"line":89,"column":20}}},"3":{"name":"(anonymous_3)","line":100,"loc":{"start":{"line":100,"column":10},"end":{"line":100,"column":20}}},"4":{"name":"(anonymous_4)","line":109,"loc":{"start":{"line":109,"column":9},"end":{"line":109,"column":20}}},"5":{"name":"(anonymous_5)","line":149,"loc":{"start":{"line":149,"column":10},"end":{"line":149,"column":36}}},"6":{"name":"(anonymous_6)","line":165,"loc":{"start":{"line":165,"column":13},"end":{"line":165,"column":33}}},"7":{"name":"(anonymous_7)","line":169,"loc":{"start":{"line":169,"column":14},"end":{"line":169,"column":43}}},"8":{"name":"(anonymous_8)","line":173,"loc":{"start":{"line":173,"column":12},"end":{"line":173,"column":41}}},"9":{"name":"(anonymous_9)","line":177,"loc":{"start":{"line":177,"column":10},"end":{"line":177,"column":38}}},"10":{"name":"(anonymous_10)","line":193,"loc":{"start":{"line":193,"column":11},"end":{"line":193,"column":29}}},"11":{"name":"(anonymous_11)","line":202,"loc":{"start":{"line":202,"column":17},"end":{"line":202,"column":20}}},"12":{"name":"(anonymous_12)","line":213,"loc":{"start":{"line":213,"column":16},"end":{"line":213,"column":19}}},"13":{"name":"(anonymous_13)","line":236,"loc":{"start":{"line":236,"column":12},"end":{"line":236,"column":15}}},"14":{"name":"(anonymous_14)","line":248,"loc":{"start":{"line":248,"column":12},"end":{"line":248,"column":18}}},"15":{"name":"(anonymous_15)","line":257,"loc":{"start":{"line":257,"column":20},"end":{"line":257,"column":27}}}},"statementMap":{"1":{"start":{"line":3,"column":0},"end":{"line":3,"column":27}},"2":{"start":{"line":4,"column":0},"end":{"line":4,"column":27}},"3":{"start":{"line":5,"column":0},"end":{"line":5,"column":67}},"4":{"start":{"line":6,"column":0},"end":{"line":6,"column":44}},"5":{"start":{"line":7,"column":0},"end":{"line":7,"column":39}},"6":{"start":{"line":8,"column":0},"end":{"line":8,"column":48}},"7":{"start":{"line":10,"column":0},"end":{"line":10,"column":32}},"8":{"start":{"line":20,"column":8},"end":{"line":20,"column":16}},"9":{"start":{"line":22,"column":8},"end":{"line":22,"column":37}},"10":{"start":{"line":24,"column":8},"end":{"line":24,"column":39}},"11":{"start":{"line":25,"column":8},"end":{"line":25,"column":93}},"12":{"start":{"line":27,"column":8},"end":{"line":27,"column":51}},"13":{"start":{"line":28,"column":8},"end":{"line":36,"column":9}},"14":{"start":{"line":29,"column":12},"end":{"line":31,"column":15}},"15":{"start":{"line":30,"column":16},"end":{"line":30,"column":114}},"16":{"start":{"line":33,"column":12},"end":{"line":35,"column":15}},"17":{"start":{"line":34,"column":16},"end":{"line":34,"column":129}},"18":{"start":{"line":39,"column":8},"end":{"line":44,"column":9}},"19":{"start":{"line":40,"column":12},"end":{"line":40,"column":52}},"20":{"start":{"line":41,"column":12},"end":{"line":43,"column":14}},"21":{"start":{"line":42,"column":16},"end":{"line":42,"column":119}},"22":{"start":{"line":47,"column":8},"end":{"line":48,"column":77}},"23":{"start":{"line":48,"column":28},"end":{"line":48,"column":75}},"24":{"start":{"line":51,"column":8},"end":{"line":52,"column":75}},"25":{"start":{"line":52,"column":27},"end":{"line":52,"column":73}},"26":{"start":{"line":54,"column":8},"end":{"line":56,"column":9}},"27":{"start":{"line":55,"column":12},"end":{"line":55,"column":58}},"28":{"start":{"line":58,"column":8},"end":{"line":60,"column":11}},"29":{"start":{"line":63,"column":8},"end":{"line":67,"column":11}},"30":{"start":{"line":64,"column":12},"end":{"line":66,"column":13}},"31":{"start":{"line":65,"column":16},"end":{"line":65,"column":54}},"32":{"start":{"line":72,"column":8},"end":{"line":72,"column":35}},"33":{"start":{"line":77,"column":8},"end":{"line":77,"column":37}},"34":{"start":{"line":80,"column":8},"end":{"line":81,"column":72}},"35":{"start":{"line":81,"column":50},"end":{"line":81,"column":70}},"36":{"start":{"line":84,"column":8},"end":{"line":84,"column":97}},"37":{"start":{"line":86,"column":8},"end":{"line":86,"column":29}},"38":{"start":{"line":90,"column":8},"end":{"line":90,"column":58}},"39":{"start":{"line":91,"column":8},"end":{"line":91,"column":41}},"40":{"start":{"line":92,"column":8},"end":{"line":92,"column":58}},"41":{"start":{"line":92,"column":38},"end":{"line":92,"column":56}},"42":{"start":{"line":93,"column":8},"end":{"line":93,"column":70}},"43":{"start":{"line":93,"column":41},"end":{"line":93,"column":68}},"44":{"start":{"line":94,"column":8},"end":{"line":94,"column":26}},"45":{"start":{"line":101,"column":8},"end":{"line":101,"column":36}},"46":{"start":{"line":110,"column":8},"end":{"line":110,"column":48}},"47":{"start":{"line":111,"column":8},"end":{"line":111,"column":65}},"48":{"start":{"line":114,"column":8},"end":{"line":119,"column":11}},"49":{"start":{"line":115,"column":12},"end":{"line":115,"column":45}},"50":{"start":{"line":116,"column":12},"end":{"line":118,"column":13}},"51":{"start":{"line":117,"column":16},"end":{"line":117,"column":34}},"52":{"start":{"line":122,"column":8},"end":{"line":126,"column":9}},"53":{"start":{"line":123,"column":12},"end":{"line":125,"column":160}},"54":{"start":{"line":128,"column":8},"end":{"line":140,"column":20}},"55":{"start":{"line":129,"column":12},"end":{"line":129,"column":48}},"56":{"start":{"line":130,"column":12},"end":{"line":139,"column":13}},"57":{"start":{"line":131,"column":16},"end":{"line":133,"column":117}},"58":{"start":{"line":135,"column":16},"end":{"line":138,"column":19}},"59":{"start":{"line":136,"column":20},"end":{"line":136,"column":65}},"60":{"start":{"line":137,"column":20},"end":{"line":137,"column":39}},"61":{"start":{"line":150,"column":8},"end":{"line":158,"column":9}},"62":{"start":{"line":151,"column":12},"end":{"line":157,"column":15}},"63":{"start":{"line":160,"column":8},"end":{"line":162,"column":11}},"64":{"start":{"line":166,"column":8},"end":{"line":166,"column":31}},"65":{"start":{"line":170,"column":8},"end":{"line":170,"column":31}},"66":{"start":{"line":174,"column":8},"end":{"line":174,"column":31}},"67":{"start":{"line":178,"column":8},"end":{"line":178,"column":25}},"68":{"start":{"line":180,"column":8},"end":{"line":182,"column":11}},"69":{"start":{"line":181,"column":12},"end":{"line":181,"column":37}},"70":{"start":{"line":184,"column":8},"end":{"line":190,"column":11}},"71":{"start":{"line":185,"column":12},"end":{"line":188,"column":48}},"72":{"start":{"line":189,"column":12},"end":{"line":189,"column":23}},"73":{"start":{"line":203,"column":8},"end":{"line":203,"column":63}},"74":{"start":{"line":203,"column":42},"end":{"line":203,"column":61}},"75":{"start":{"line":204,"column":8},"end":{"line":204,"column":55}},"76":{"start":{"line":204,"column":38},"end":{"line":204,"column":53}},"77":{"start":{"line":205,"column":8},"end":{"line":205,"column":59}},"78":{"start":{"line":205,"column":39},"end":{"line":205,"column":57}},"79":{"start":{"line":214,"column":8},"end":{"line":214,"column":44}},"80":{"start":{"line":215,"column":8},"end":{"line":228,"column":26}},"81":{"start":{"line":237,"column":8},"end":{"line":239,"column":69}},"82":{"start":{"line":240,"column":8},"end":{"line":240,"column":27}},"83":{"start":{"line":249,"column":8},"end":{"line":249,"column":32}},"84":{"start":{"line":258,"column":8},"end":{"line":258,"column":35}},"85":{"start":{"line":263,"column":0},"end":{"line":263,"column":39}}},"branchMap":{"1":{"line":22,"type":"binary-expr","locations":[{"start":{"line":22,"column":23},"end":{"line":22,"column":30}},{"start":{"line":22,"column":34},"end":{"line":22,"column":36}}]},"2":{"line":27,"type":"binary-expr","locations":[{"start":{"line":27,"column":21},"end":{"line":27,"column":44}},{"start":{"line":27,"column":48},"end":{"line":27,"column":50}}]},"3":{"line":28,"type":"if","locations":[{"start":{"line":28,"column":8},"end":{"line":28,"column":8}},{"start":{"line":28,"column":8},"end":{"line":28,"column":8}}]},"4":{"line":39,"type":"if","locations":[{"start":{"line":39,"column":8},"end":{"line":39,"column":8}},{"start":{"line":39,"column":8},"end":{"line":39,"column":8}}]},"5":{"line":39,"type":"binary-expr","locations":[{"start":{"line":39,"column":12},"end":{"line":39,"column":31}},{"start":{"line":39,"column":35},"end":{"line":39,"column":81}}]},"6":{"line":42,"type":"binary-expr","locations":[{"start":{"line":42,"column":25},"end":{"line":42,"column":80}},{"start":{"line":42,"column":84},"end":{"line":42,"column":117}}]},"7":{"line":47,"type":"binary-expr","locations":[{"start":{"line":47,"column":50},"end":{"line":47,"column":79}},{"start":{"line":47,"column":83},"end":{"line":47,"column":85}}]},"8":{"line":48,"type":"binary-expr","locations":[{"start":{"line":48,"column":29},"end":{"line":48,"column":36}},{"start":{"line":48,"column":40},"end":{"line":48,"column":42}}]},"9":{"line":51,"type":"binary-expr","locations":[{"start":{"line":51,"column":45},"end":{"line":51,"column":69}},{"start":{"line":51,"column":73},"end":{"line":51,"column":75}}]},"10":{"line":52,"type":"binary-expr","locations":[{"start":{"line":52,"column":28},"end":{"line":52,"column":34}},{"start":{"line":52,"column":38},"end":{"line":52,"column":40}}]},"11":{"line":54,"type":"if","locations":[{"start":{"line":54,"column":8},"end":{"line":54,"column":8}},{"start":{"line":54,"column":8},"end":{"line":54,"column":8}}]},"12":{"line":59,"type":"binary-expr","locations":[{"start":{"line":59,"column":23},"end":{"line":59,"column":45}},{"start":{"line":59,"column":49},"end":{"line":59,"column":62}}]},"13":{"line":64,"type":"if","locations":[{"start":{"line":64,"column":12},"end":{"line":64,"column":12}},{"start":{"line":64,"column":12},"end":{"line":64,"column":12}}]},"14":{"line":80,"type":"cond-expr","locations":[{"start":{"line":80,"column":45},"end":{"line":80,"column":48}},{"start":{"line":80,"column":51},"end":{"line":80,"column":54}}]},"15":{"line":84,"type":"binary-expr","locations":[{"start":{"line":84,"column":35},"end":{"line":84,"column":59}},{"start":{"line":84,"column":63},"end":{"line":84,"column":96}}]},"16":{"line":111,"type":"binary-expr","locations":[{"start":{"line":111,"column":22},"end":{"line":111,"column":47}},{"start":{"line":111,"column":51},"end":{"line":111,"column":64}}]},"17":{"line":116,"type":"if","locations":[{"start":{"line":116,"column":12},"end":{"line":116,"column":12}},{"start":{"line":116,"column":12},"end":{"line":116,"column":12}}]},"18":{"line":122,"type":"if","locations":[{"start":{"line":122,"column":8},"end":{"line":122,"column":8}},{"start":{"line":122,"column":8},"end":{"line":122,"column":8}}]},"19":{"line":125,"type":"cond-expr","locations":[{"start":{"line":125,"column":134},"end":{"line":125,"column":137}},{"start":{"line":125,"column":140},"end":{"line":125,"column":142}}]},"20":{"line":130,"type":"if","locations":[{"start":{"line":130,"column":12},"end":{"line":130,"column":12}},{"start":{"line":130,"column":12},"end":{"line":130,"column":12}}]},"21":{"line":133,"type":"cond-expr","locations":[{"start":{"line":133,"column":107},"end":{"line":133,"column":110}},{"start":{"line":133,"column":113},"end":{"line":133,"column":115}}]},"22":{"line":150,"type":"if","locations":[{"start":{"line":150,"column":8},"end":{"line":150,"column":8}},{"start":{"line":150,"column":8},"end":{"line":150,"column":8}}]},"23":{"line":222,"type":"cond-expr","locations":[{"start":{"line":222,"column":46},"end":{"line":222,"column":52}},{"start":{"line":222,"column":55},"end":{"line":222,"column":61}}]},"24":{"line":225,"type":"cond-expr","locations":[{"start":{"line":225,"column":34},"end":{"line":225,"column":43}},{"start":{"line":225,"column":46},"end":{"line":225,"column":48}}]},"25":{"line":226,"type":"cond-expr","locations":[{"start":{"line":226,"column":32},"end":{"line":226,"column":38}},{"start":{"line":226,"column":41},"end":{"line":226,"column":47}}]},"26":{"line":227,"type":"cond-expr","locations":[{"start":{"line":227,"column":40},"end":{"line":227,"column":55}},{"start":{"line":227,"column":58},"end":{"line":227,"column":85}}]},"27":{"line":239,"type":"cond-expr","locations":[{"start":{"line":239,"column":32},"end":{"line":239,"column":38}},{"start":{"line":239,"column":41},"end":{"line":239,"column":47}}]}},"code":["'use strict';","","const net = require('net');","const tls = require('tls');","const SMTPConnection = require('./smtp-connection').SMTPConnection;","const tlsOptions = require('./tls-options');","const EventEmitter = require('events');","const shared = require('nodemailer/lib/shared');","","const CLOSE_TIMEOUT = 30 * 1000; // how much to wait until pending connections are terminated","","/**"," * Creates a SMTP server instance."," *"," * @constructor"," * @param {Object} options Connection and SMTP optionsž"," */","class SMTPServer extends EventEmitter {","    constructor(options) {","        super();","","        this.options = options || {};","","        this.secureContext = new Map();","        this.secureContext.set('default', tls.createSecureContext(tlsOptions(this.options)));","","        let ctxMap = this.options.sniOptions || {};","        if (typeof ctxMap.get === 'function') {","            ctxMap.forEach((ctx, servername) => {","                this.secureContext.set(servername.toLowerCase().trim(), tls.createSecureContext(tlsOptions(ctx)));","            });","        } else {","            Object.keys(ctxMap).forEach(servername => {","                this.secureContext.set(servername.toLowerCase().trim(), tls.createSecureContext(tlsOptions(ctxMap[servername])));","            });","        }","","        // apply TLS defaults if needed, only if there is not SNICallback.","        if (this.options.secure && typeof this.options.SNICallback !== 'function') {","            this.options = tlsOptions(this.options);","            this.options.SNICallback = (servername, cb) => {","                cb(null, this.secureContext.get(servername.toLowerCase().trim()) || this.secureContext.get('default'));","            };","        }","","        // setup disabled commands list","        this.options.disabledCommands = [].concat(this.options.disabledCommands || [])","            .map(command => (command || '').toString().toUpperCase().trim());","","        // setup allowed auth methods","        this.options.authMethods = [].concat(this.options.authMethods || [])","            .map(method => (method || '').toString().toUpperCase().trim());","","        if (!this.options.authMethods.length) {","            this.options.authMethods = ['LOGIN', 'PLAIN'];","        }","","        this.logger = shared.getLogger(this.options, {","            component: this.options.component || 'smtp-server'","        });","","        // apply shorthand handlers","        ['onConnect', 'onAuth', 'onMailFrom', 'onRcptTo', 'onData', 'onClose'].forEach(handler => {","            if (typeof this.options[handler] === 'function') {","                this[handler] = this.options[handler];","            }","        });","","        /**","         * Timeout after close has been called until pending connections are forcibly closed","         */","        this._closeTimeout = false;","","        /**","         * A set of all currently open connections","         */","        this.connections = new Set();","","        // setup server listener and connection handler","        this.server = (this.options.secure ? tls : net)","            .createServer(this.options, socket => this.connect(socket));","","        // ensure _sharedCreds, fixes an issue in node v4+ where STARTTLS fails because _sharedCreds does not exist","        this.server._sharedCreds = this.server._sharedCreds || this.secureContext.get('default');","","        this._setListeners();","    }","","    connect(socket) {","        let connection = new SMTPConnection(this, socket);","        this.connections.add(connection);","        connection.on('error', err => this._onError(err));","        connection.on('connect', data => this._onClientConnect(data));","        connection.init();","    }","","    /**","     * Start listening on selected port and interface","     */","    listen(...args) {","        this.server.listen(...args);","    }","","    /**","     * Closes the server","     *","     * @param {Function} callback Callback to run once the server is fully closed","     */","    close(callback) {","        let connections = this.connections.size;","        let timeout = this.options.closeTimeout || CLOSE_TIMEOUT;","","        // stop accepting new connections","        this.server.close(() => {","            clearTimeout(this._closeTimeout);","            if (typeof callback === 'function') {","                return callback();","            }","        });","","        // close active connections","        if (connections) {","            this.logger.info({","                tnx: 'close'","            }, 'Server closing with %s pending connection%s, waiting %s seconds before terminating', connections, connections !== 1 ? 's' : '', timeout / 1000);","        }","","        this._closeTimeout = setTimeout(() => {","            connections = this.connections.size;","            if (connections) {","                this.logger.info({","                    tnx: 'close'","                }, 'Closing %s pending connection%s to close the server', connections, connections !== 1 ? 's' : '');","","                this.connections.forEach(connection => {","                    connection.send(421, 'Server shutting down');","                    connection.close();","                });","            }","        }, timeout);","    }","","    /**","     * Authentication handler. Override this","     *","     * @param {Object} auth Authentication options","     * @param {Function} callback Callback to run once the user is authenticated","     */","    onAuth(auth, session, callback) {","        if (auth.method === 'XOAUTH2') {","            return callback(null, {","                data: {","                    status: '401',","                    schemes: 'bearer mac',","                    scope: 'https://mail.google.com/'","                }","            });","        }","","        return callback(null, {","            message: 'Authentication not implemented'","        });","    }","","    onConnect(session, callback) {","        setImmediate(callback);","    }","","    onMailFrom(address, session, callback) {","        setImmediate(callback);","    }","","    onRcptTo(address, session, callback) {","        setImmediate(callback);","    }","","    onData(stream, session, callback) {","        let chunklen = 0;","","        stream.on('data', chunk => {","            chunklen += chunk.length;","        });","","        stream.on('end', () => {","            this.logger.info({","                tnx: 'message',","                size: chunklen","            }, '<received %s bytes>', chunklen);","            callback();","        });","    }","","    onClose( /* session */ ) {","        // do nothing","    }","","    // PRIVATE METHODS","","    /**","     * Setup server event handlers","     */","    _setListeners() {","        this.server.on('listening', () => this._onListening());","        this.server.on('close', () => this._onClose());","        this.server.on('error', err => this._onError(err));","    }","","    /**","     * Called when server started listening","     *","     * @event","     */","    _onListening() {","        let address = this.server.address();","        this.logger.info(","            //","            {","                tnx: 'listen',","                host: address.address,","                port: address.port,","                secure: !!this.options.secure,","                protocol: this.options.lmtp ? 'LMTP' : 'SMTP'","            },","            '%s%s Server listening on %s:%s',","            this.options.secure ? 'Secure ' : '',","            this.options.lmtp ? 'LMTP' : 'SMTP',","            address.family === 'IPv4' ? address.address : '[' + address.address + ']',","            address.port);","    }","","    /**","     * Called when server is closed","     *","     * @event","     */","    _onClose() {","        this.logger.info({","            tnx: 'closed'","        }, (this.options.lmtp ? 'LMTP' : 'SMTP') + ' Server closed');","        this.emit('close');","    }","","    /**","     * Called when an error occurs with the server","     *","     * @event","     */","    _onError(err) {","        this.emit('error', err);","    }","","    /**","     * Called when a new connection is established. This might not be the same time the socket is opened","     *","     * @event","     */","    _onClientConnect(data) {","        this.emit('connect', data);","    }","}","","// Expose to the world","module.exports.SMTPServer = SMTPServer;",""],"l":{"3":1,"4":1,"5":1,"6":1,"7":1,"8":1,"10":1,"20":0,"22":0,"24":0,"25":0,"27":0,"28":0,"29":0,"30":0,"33":0,"34":0,"39":0,"40":0,"41":0,"42":0,"47":0,"48":0,"51":0,"52":0,"54":0,"55":0,"58":0,"63":0,"64":0,"65":0,"72":0,"77":0,"80":0,"81":0,"84":0,"86":0,"90":0,"91":0,"92":0,"93":0,"94":0,"101":0,"110":0,"111":0,"114":0,"115":0,"116":0,"117":0,"122":0,"123":0,"128":0,"129":0,"130":0,"131":0,"135":0,"136":0,"137":0,"150":0,"151":0,"160":0,"166":0,"170":0,"174":0,"178":0,"180":0,"181":0,"184":0,"185":0,"189":0,"203":0,"204":0,"205":0,"214":0,"215":0,"237":0,"240":0,"249":0,"258":0,"263":1}},"/home/travis/build/npmtest/node-npmtest-smtp-server/node_modules/smtp-server/lib/smtp-connection.js":{"path":"/home/travis/build/npmtest/node-npmtest-smtp-server/node_modules/smtp-server/lib/smtp-connection.js","s":{"1":1,"2":1,"3":1,"4":1,"5":1,"6":1,"7":1,"8":1,"9":1,"10":1,"11":1,"12":0,"13":0,"14":0,"15":0,"16":0,"17":0,"18":0,"19":0,"20":0,"21":0,"22":0,"23":0,"24":0,"25":0,"26":0,"27":0,"28":0,"29":0,"30":0,"31":0,"32":0,"33":0,"34":0,"35":0,"36":0,"37":0,"38":0,"39":0,"40":0,"41":0,"42":0,"43":0,"44":0,"45":0,"46":0,"47":0,"48":0,"49":0,"50":0,"51":0,"52":0,"53":0,"54":0,"55":0,"56":0,"57":0,"58":0,"59":0,"60":0,"61":0,"62":0,"63":0,"64":0,"65":0,"66":0,"67":0,"68":0,"69":0,"70":0,"71":0,"72":0,"73":0,"74":0,"75":0,"76":0,"77":0,"78":0,"79":0,"80":0,"81":0,"82":0,"83":0,"84":0,"85":0,"86":0,"87":0,"88":0,"89":0,"90":0,"91":0,"92":0,"93":0,"94":0,"95":0,"96":0,"97":0,"98":0,"99":0,"100":0,"101":0,"102":0,"103":0,"104":0,"105":0,"106":0,"107":0,"108":0,"109":0,"110":0,"111":0,"112":0,"113":0,"114":0,"115":0,"116":0,"117":0,"118":0,"119":0,"120":0,"121":0,"122":0,"123":0,"124":0,"125":0,"126":0,"127":0,"128":0,"129":0,"130":0,"131":0,"132":0,"133":0,"134":0,"135":0,"136":0,"137":0,"138":0,"139":0,"140":0,"141":0,"142":0,"143":0,"144":0,"145":0,"146":0,"147":0,"148":0,"149":0,"150":0,"151":0,"152":0,"153":0,"154":0,"155":0,"156":0,"157":0,"158":0,"159":0,"160":0,"161":0,"162":0,"163":0,"164":0,"165":0,"166":0,"167":0,"168":0,"169":0,"170":0,"171":0,"172":0,"173":0,"174":0,"175":0,"176":0,"177":0,"178":0,"179":0,"180":0,"181":0,"182":0,"183":0,"184":0,"185":0,"186":0,"187":0,"188":0,"189":0,"190":0,"191":0,"192":0,"193":0,"194":0,"195":0,"196":0,"197":0,"198":0,"199":0,"200":0,"201":0,"202":0,"203":0,"204":0,"205":0,"206":0,"207":0,"208":0,"209":0,"210":0,"211":0,"212":0,"213":0,"214":0,"215":0,"216":0,"217":0,"218":0,"219":0,"220":0,"221":0,"222":0,"223":0,"224":0,"225":0,"226":0,"227":0,"228":0,"229":0,"230":0,"231":0,"232":0,"233":0,"234":0,"235":0,"236":0,"237":0,"238":0,"239":0,"240":0,"241":0,"242":0,"243":0,"244":0,"245":0,"246":0,"247":0,"248":0,"249":0,"250":0,"251":0,"252":0,"253":0,"254":0,"255":0,"256":0,"257":0,"258":0,"259":0,"260":0,"261":0,"262":0,"263":0,"264":0,"265":0,"266":0,"267":0,"268":0,"269":0,"270":0,"271":0,"272":0,"273":0,"274":0,"275":0,"276":0,"277":0,"278":0,"279":0,"280":0,"281":0,"282":0,"283":0,"284":0,"285":0,"286":0,"287":0,"288":0,"289":0,"290":0,"291":0,"292":0,"293":0,"294":0,"295":0,"296":0,"297":0,"298":0,"299":0,"300":0,"301":0,"302":0,"303":0,"304":0,"305":0,"306":0,"307":0,"308":0,"309":0,"310":0,"311":0,"312":0,"313":0,"314":0,"315":0,"316":0,"317":0,"318":0,"319":0,"320":0,"321":0,"322":0,"323":0,"324":0,"325":0,"326":0,"327":0,"328":0,"329":0,"330":0,"331":0,"332":0,"333":0,"334":0,"335":0,"336":0,"337":0,"338":0,"339":0,"340":0,"341":0,"342":0,"343":0,"344":0,"345":0,"346":0,"347":0,"348":0,"349":0,"350":0,"351":0,"352":0,"353":0,"354":0,"355":0,"356":0,"357":0,"358":0,"359":0,"360":0,"361":0,"362":0,"363":0,"364":0,"365":0,"366":0,"367":0,"368":0,"369":0,"370":0,"371":0,"372":0,"373":0,"374":0,"375":0,"376":0,"377":0,"378":0,"379":0,"380":0,"381":0,"382":0,"383":0,"384":0,"385":0,"386":0,"387":0,"388":0,"389":0,"390":0,"391":0,"392":0,"393":0,"394":0,"395":0,"396":0,"397":0,"398":0,"399":0,"400":0,"401":0,"402":0,"403":0,"404":0,"405":0,"406":0,"407":0,"408":0,"409":0,"410":0,"411":0,"412":0,"413":0,"414":0,"415":0,"416":0,"417":0,"418":0,"419":0,"420":0,"421":0,"422":0,"423":0,"424":0,"425":0,"426":0,"427":0,"428":0,"429":0,"430":0,"431":0,"432":0,"433":0,"434":0,"435":0,"436":0,"437":0,"438":0,"439":0,"440":0,"441":0,"442":0,"443":0,"444":0,"445":0,"446":0,"447":0,"448":0,"449":0,"450":0,"451":0,"452":0,"453":0,"454":0,"455":0,"456":0,"457":0,"458":0,"459":0,"460":0,"461":0,"462":0,"463":0,"464":0,"465":0,"466":0,"467":0,"468":0,"469":0,"470":0,"471":0,"472":0,"473":0,"474":0,"475":0,"476":0,"477":0,"478":0,"479":0,"480":0,"481":0,"482":0,"483":0,"484":0,"485":0,"486":0,"487":0,"488":0,"489":0,"490":0,"491":0,"492":0,"493":0,"494":0,"495":0,"496":0,"497":0,"498":0,"499":0,"500":0,"501":0,"502":0,"503":0,"504":0,"505":0,"506":0,"507":0,"508":0,"509":0,"510":0,"511":0,"512":0,"513":0,"514":0,"515":0,"516":0,"517":0,"518":0,"519":0,"520":0,"521":0,"522":0,"523":0,"524":0,"525":0,"526":0,"527":0,"528":0,"529":0,"530":0,"531":0,"532":0,"533":0,"534":0,"535":0,"536":0,"537":0,"538":0,"539":1},"b":{"1":[0,0],"2":[0,0],"3":[0,0],"4":[0,0],"5":[0,0],"6":[0,0],"7":[0,0],"8":[0,0],"9":[0,0],"10":[0,0],"11":[0,0],"12":[0,0],"13":[0,0,0],"14":[0,0],"15":[0,0],"16":[0,0],"17":[0,0],"18":[0,0],"19":[0,0],"20":[0,0],"21":[0,0],"22":[0,0],"23":[0,0],"24":[0,0],"25":[0,0],"26":[0,0],"27":[0,0],"28":[0,0],"29":[0,0],"30":[0,0],"31":[0,0],"32":[0,0],"33":[0,0],"34":[0,0],"35":[0,0],"36":[0,0],"37":[0,0],"38":[0,0],"39":[0,0,0,0],"40":[0,0],"41":[0,0],"42":[0,0],"43":[0,0],"44":[0,0],"45":[0,0],"46":[0,0],"47":[0,0],"48":[0,0],"49":[0,0],"50":[0,0],"51":[0,0],"52":[0,0],"53":[0,0],"54":[0,0],"55":[0,0],"56":[0,0,0],"57":[0,0],"58":[0,0,0],"59":[0,0],"60":[0,0],"61":[0,0],"62":[0,0],"63":[0,0,0],"64":[0,0],"65":[0,0],"66":[0,0,0],"67":[0,0],"68":[0,0],"69":[0,0,0,0],"70":[0,0],"71":[0,0],"72":[0,0],"73":[0,0],"74":[0,0],"75":[0,0],"76":[0,0],"77":[0,0],"78":[0,0],"79":[0,0],"80":[0,0],"81":[0,0,0],"82":[0,0],"83":[0,0],"84":[0,0],"85":[0,0],"86":[0,0],"87":[0,0],"88":[0,0],"89":[0,0],"90":[0,0],"91":[0,0],"92":[0,0],"93":[0,0],"94":[0,0],"95":[0,0],"96":[0,0,0],"97":[0,0],"98":[0,0],"99":[0,0],"100":[0,0,0],"101":[0,0],"102":[0,0,0],"103":[0,0],"104":[0,0],"105":[0,0],"106":[0,0],"107":[0,0],"108":[0,0],"109":[0,0],"110":[0,0],"111":[0,0],"112":[0,0],"113":[0,0],"114":[0,0],"115":[0,0,0,0,0],"116":[0,0],"117":[0,0],"118":[0,0],"119":[0,0],"120":[0,0],"121":[0,0],"122":[0,0],"123":[0,0],"124":[0,0],"125":[0,0],"126":[0,0],"127":[0,0],"128":[0,0],"129":[0,0],"130":[0,0],"131":[0,0],"132":[0,0],"133":[0,0],"134":[0,0],"135":[0,0],"136":[0,0],"137":[0,0],"138":[0,0],"139":[0,0],"140":[0,0],"141":[0,0],"142":[0,0],"143":[0,0],"144":[0,0],"145":[0,0,0,0,0],"146":[0,0],"147":[0,0],"148":[0,0],"149":[0,0],"150":[0,0],"151":[0,0],"152":[0,0],"153":[0,0],"154":[0,0],"155":[0,0],"156":[0,0],"157":[0,0],"158":[0,0],"159":[0,0],"160":[0,0],"161":[0,0],"162":[0,0],"163":[0,0],"164":[0,0],"165":[0,0],"166":[0,0],"167":[0,0],"168":[0,0,0,0],"169":[0,0],"170":[0,0],"171":[0,0],"172":[0,0],"173":[0,0],"174":[0,0],"175":[0,0,0,0],"176":[0,0],"177":[0,0],"178":[0,0],"179":[0,0],"180":[0,0],"181":[0,0],"182":[0,0],"183":[0,0],"184":[0,0],"185":[0,0],"186":[0,0],"187":[0,0],"188":[0,0],"189":[0,0,0],"190":[0,0],"191":[0,0],"192":[0,0],"193":[0,0],"194":[0,0],"195":[0,0],"196":[0,0],"197":[0,0],"198":[0,0],"199":[0,0],"200":[0,0],"201":[0,0],"202":[0,0],"203":[0,0],"204":[0,0,0],"205":[0,0],"206":[0,0],"207":[0,0],"208":[0,0],"209":[0,0]},"f":{"1":0,"2":0,"3":0,"4":0,"5":0,"6":0,"7":0,"8":0,"9":0,"10":0,"11":0,"12":0,"13":0,"14":0,"15":0,"16":0,"17":0,"18":0,"19":0,"20":0,"21":0,"22":0,"23":0,"24":0,"25":0,"26":0,"27":0,"28":0,"29":0,"30":0,"31":0,"32":0},"fnMap":{"1":{"name":"(anonymous_1)","line":24,"loc":{"start":{"
[...]
       SASL.LOGIN_username.call(this, false, args[0], callback);","    },","","    SASL_XOAUTH2(args, callback) {","        if (args.length > 1) {","            this.send(501, 'Error: syntax: AUTH XOAUTH2 token');","            return callback();","        }","","        if (!args.length) {","            this._nextHandler = SASL.XOAUTH2_token.bind(this, true);","            this.send(334);","            return callback();","        }","","        SASL.XOAUTH2_token.call(this, false, args[0], callback);","    },","","    'SASL_CRAM-MD5' (args, callback) {","        if (args.length) {","            this.send(501, 'Error: syntax: AUTH CRAM-MD5');","            return callback();","        }","","        let challenge = util.format('<%s%s@%s>',","            String(Math.random()).replace(/^[0\\.]+/, '').substr(0, 8), // random numbers","            Math.floor(Date.now() / 1000), // timestamp","            this.name // hostname","        );","","        this._nextHandler = SASL['CRAM-MD5_token'].bind(this, true, challenge);","        this.send(334, new Buffer(challenge).toString('base64'));","        return callback();","    },","","    PLAIN_token(canAbort, token, callback) {","        token = (token || '').toString().trim();","","        if (canAbort && token === '*') {","            this.send(501, 'Authentication aborted');","            return callback();","        }","","        let data = new Buffer(token, 'base64').toString().split('\\x00');","","        if (data.length !== 3) {","            this.send(500, 'Error: invalid userdata');","            return callback();","        }","","        let username = data[1] || data[0] || '';","        let password = data[2] || '';","","        this._server.onAuth({","            method: 'PLAIN',","            username,","            password","        }, this.session, (err, response) => {","","            if (err) {","                this._server.logger.info({","                    err,","                    tnx: 'autherror',","                    cid: this._id,","                    method: 'PLAIN',","                    user: username","                }, 'Authentication error for %s using %s. %s', username, 'PLAIN', err.message);","                this.send(err.responseCode || 535, err.message);","                return callback();","            }","","            if (!response.user) {","                this._server.logger.info({","                    tnx: 'authfail',","                    cid: this._id,","                    method: 'PLAIN',","                    user: username","                }, 'Authentication failed for %s using %s', username, 'PLAIN');","                this.send(response.responseCode || 535, response.message || 'Error: Authentication credentials invalid');","                return callback();","            }","","            this._server.logger.info({","                tnx: 'auth',","                cid: this._id,","                method: 'PLAIN',","                user: username","            }, '%s authenticated using %s', username, 'PLAIN');","            this.session.user = response.user;","            this.session.transmissionType = this._transmissionType();","","            this.send(235, 'Authentication successful');","            callback();","","        });","    },","","    LOGIN_username(canAbort, username, callback) {","        username = (username || '').toString().trim();","","        if (canAbort && username === '*') {","            this.send(501, 'Authentication aborted');","            return callback();","        }","","        username = new Buffer(username, 'base64').toString();","","        if (!username) {","            this.send(500, 'Error: missing username');","            return callback();","        }","","        this._nextHandler = SASL.LOGIN_password.bind(this, username);","        this.send(334, 'UGFzc3dvcmQ6');","        return callback();","    },","","    LOGIN_password(username, password, callback) {","        password = (password || '').toString().trim();","","        if (password === '*') {","            this.send(501, 'Authentication aborted');","            return callback();","        }","","        password = new Buffer(password, 'base64').toString();","","        this._server.onAuth({","            method: 'LOGIN',","            username,","            password","        }, this.session, (err, response) => {","","            if (err) {","                this._server.logger.info({","                    err,","                    tnx: 'autherror',","                    cid: this._id,","                    method: 'LOGIN',","                    user: username","                }, 'Authentication error for %s using %s. %s', username, 'LOGIN', err.message);","                this.send(err.responseCode || 535, err.message);","                return callback();","            }","","            if (!response.user) {","                this._server.logger.info({","                    tnx: 'authfail',","                    cid: this._id,","                    method: 'LOGIN',","                    user: username","                }, 'Authentication failed for %s using %s', username, 'LOGIN');","                this.send(response.responseCode || 535, response.message || 'Error: Authentication credentials invalid');","                return callback();","            }","","            this._server.logger.info({","                tnx: 'auth',","                cid: this._id,","                method: 'PLAIN',","                user: username","            }, '%s authenticated using %s', username, 'LOGIN');","            this.session.user = response.user;","            this.session.transmissionType = this._transmissionType();","","            this.send(235, 'Authentication successful');","            callback();","","        });","    },","","    XOAUTH2_token(canAbort, token, callback) {","        token = (token || '').toString().trim();","","        if (canAbort && token === '*') {","            this.send(501, 'Authentication aborted');","            return callback();","        }","","        let username;","        let accessToken;","","        // Find username and access token from the input","        new Buffer(token, 'base64').toString().split('\\x01').forEach(part => {","            part = part.split('=');","            let key = part.shift().toLowerCase();","            let value = part.join('=').trim();","","            if (key === 'user') {","                username = value;","            } else if (key === 'auth') {","                value = value.split(/\\s+/);","                if (value.shift().toLowerCase() === 'bearer') {","                    accessToken = value.join(' ');","                }","            }","        });","","        if (!username || !accessToken) {","            this.send(500, 'Error: invalid userdata');","            return callback();","        }","","        this._server.onAuth({","            method: 'XOAUTH2',","            username,","            accessToken","        }, this.session, (err, response) => {","","            if (err) {","                this._server.logger.info({","                    err,","                    tnx: 'autherror',","                    cid: this._id,","                    method: 'XOAUTH2',","                    user: username","                }, 'Authentication error for %s using %s. %s', username, 'XOAUTH2', err.message);","                this.send(err.responseCode || 535, err.message);","                return callback();","            }","","            if (!response.user) {","                this._server.logger.info({","                    tnx: 'authfail',","                    cid: this._id,","                    method: 'XOAUTH2',","                    user: username","                }, 'Authentication failed for %s using %s', username, 'XOAUTH2');","                this._nextHandler = SASL.XOAUTH2_error.bind(this);","                this.send(response.responseCode || 334, new Buffer(JSON.stringify(response.data || {})).toString('base64'));","                return callback();","            }","","            this._server.logger.info({","                tnx: 'auth',","                cid: this._id,","                method: 'XOAUTH2',","                user: username","            }, '%s authenticated using %s', username, 'XOAUTH2');","            this.session.user = response.user;","            this.session.transmissionType = this._transmissionType();","","            this.send(235, 'Authentication successful');","            callback();","","        });","    },","","    XOAUTH2_error(data, callback) {","        this.send(535, 'Error: Username and Password not accepted');","        return callback();","    },","","    'CRAM-MD5_token' (canAbort, challenge, token, callback) {","        token = (token || '').toString().trim();","","        if (canAbort && token === '*') {","            this.send(501, 'Authentication aborted');","            return callback();","        }","","        let tokenParts = new Buffer(token, 'base64').toString().split(' ');","        let username = tokenParts.shift();","        let challengeResponse = (tokenParts.shift() || '').toLowerCase();","","        this._server.onAuth({","            method: 'CRAM-MD5',","            username,","            validatePassword(password) {","                let hmac = crypto.createHmac('md5', password);","                return hmac.update(challenge).digest('hex').toLowerCase() === challengeResponse;","            }","        }, this.session, (err, response) => {","","            if (err) {","                this._server.logger.info({","                    err,","                    tnx: 'autherror',","                    cid: this._id,","                    method: 'CRAM-MD5',","                    user: username","                }, 'Authentication error for %s using %s. %s', username, 'CRAM-MD5', err.message);","                this.send(err.responseCode || 535, err.message);","                return callback();","            }","","            if (!response.user) {","                this._server.logger.info({","                    tnx: 'authfail',","                    cid: this._id,","                    method: 'CRAM-MD5',","                    user: username","                }, 'Authentication failed for %s using %s', username, 'CRAM-MD5');","                this.send(response.responseCode || 535, response.message || 'Error: Authentication credentials invalid');","                return callback();","            }","","            this._server.logger.info({","                tnx: 'auth',","                cid: this._id,","                method: 'CRAM-MD5',","                user: username","            }, '%s authenticated using %s', username, 'CRAM-MD5');","            this.session.user = response.user;","            this.session.transmissionType = this._transmissionType();","","            this.send(235, 'Authentication successful');","            callback();","","        });","    }","};",""],"l":{"3":1,"4":1,"6":1,"9":0,"10":0,"11":0,"14":0,"15":0,"16":0,"17":0,"20":0,"24":0,"25":0,"26":0,"29":0,"30":0,"31":0,"32":0,"35":0,"39":0,"40":0,"41":0,"44":0,"45":0,"46":0,"47":0,"50":0,"54":0,"55":0,"56":0,"59":0,"65":0,"66":0,"67":0,"71":0,"73":0,"74":0,"75":0,"78":0,"80":0,"81":0,"82":0,"85":0,"86":0,"88":0,"94":0,"95":0,"102":0,"103":0,"106":0,"107":0,"113":0,"114":0,"117":0,"123":0,"124":0,"126":0,"127":0,"133":0,"135":0,"136":0,"137":0,"140":0,"142":0,"143":0,"144":0,"147":0,"148":0,"149":0,"153":0,"155":0,"156":0,"157":0,"160":0,"162":0,"168":0,"169":0,"176":0,"177":0,"180":0,"181":0,"187":0,"188":0,"191":0,"197":0,"198":0,"200":0,"201":0,"207":0,"209":0,"210":0,"211":0,"214":0,"215":0,"218":0,"219":0,"220":0,"221":0,"223":0,"224":0,"225":0,"226":0,"227":0,"228":0,"233":0,"234":0,"235":0,"238":0,"244":0,"245":0,"252":0,"253":0,"256":0,"257":0,"263":0,"264":0,"265":0,"268":0,"274":0,"275":0,"277":0,"278":0,"284":0,"285":0,"289":0,"291":0,"292":0,"293":0,"296":0,"297":0,"298":0,"300":0,"304":0,"305":0,"309":0,"310":0,"317":0,"318":0,"321":0,"322":0,"328":0,"329":0,"332":0,"338":0,"339":0,"341":0,"342":0}},"/home/travis/build/npmtest/node-npmtest-smtp-server/node_modules/smtp-server/lib/tls-options.js":{"path":"/home/travis/build/npmtest/node-npmtest-smtp-server/node_modules/smtp-server/lib/tls-options.js","s":{"1":1,"2":1,"3":1,"4":0,"5":0,"6":0,"7":0,"8":0,"9":0,"10":0,"11":0},"b":{"1":[0,0],"2":[0,0]},"f":{"1":0},"fnMap":{"1":{"name":"getTLSOptions","line":84,"loc":{"start":{"line":84,"column":0},"end":{"line":84,"column":29}}}},"statementMap":{"1":{"start":{"line":4,"column":0},"end":{"line":4,"column":31}},"2":{"start":{"line":6,"column":0},"end":{"line":76,"column":2}},"3":{"start":{"line":84,"column":0},"end":{"line":98,"column":1}},"4":{"start":{"line":85,"column":4},"end":{"line":85,"column":20}},"5":{"start":{"line":87,"column":4},"end":{"line":87,"column":22}},"6":{"start":{"line":89,"column":4},"end":{"line":89,"column":62}},"7":{"start":{"line":89,"column":37},"end":{"line":89,"column":60}},"8":{"start":{"line":91,"column":4},"end":{"line":95,"column":7}},"9":{"start":{"line":92,"column":8},"end":{"line":94,"column":9}},"10":{"start":{"line":93,"column":12},"end":{"line":93,"column":43}},"11":{"start":{"line":97,"column":4},"end":{"line":97,"column":18}}},"branchMap":{"1":{"line":87,"type":"binary-expr","locations":[{"start":{"line":87,"column":11},"end":{"line":87,"column":15}},{"start":{"line":87,"column":19},"end":{"line":87,"column":21}}]},"2":{"line":92,"type":"if","locations":[{"start":{"line":92,"column":8},"end":{"line":92,"column":8}},{"start":{"line":92,"column":8},"end":{"line":92,"column":8}}]}},"code":["'use strict';","","// Expose to the world","module.exports = getTLSOptions;","","const tlsDefaults = {","    // pregenerated default certificates for localhost","    // obviusly, do not use in production","    key: '-----BEGIN RSA PRIVATE KEY-----\\n' +","        'MIIEpAIBAAKCAQEA6Z5Qqhw+oWfhtEiMHE32Ht94mwTBpAfjt3vPpX8M7DMCTwHs\\n' +","        '1xcXvQ4lQ3rwreDTOWdoJeEEy7gMxXqH0jw0WfBx+8IIJU69xstOyT7FRFDvA1yT\\n' +","        'RXY2yt9K5s6SKken/ebMfmZR+03ND4UFsDzkz0FfgcjrkXmrMF5Eh5UXX/+9YHeU\\n' +","        'xlp0gMAt+/SumSmgCaysxZLjLpd4uXz+X+JVxsk1ACg1NoEO7lWJC/3WBP7MIcu2\\n' +","        'wVsMd2XegLT0gWYfT1/jsIH64U/mS/SVXC9QhxMl9Yfko2kx1OiYhDxhHs75RJZh\\n' +","        'rNRxgfiwgSb50Gw4NAQaDIxr/DJPdLhgnpY6UQIDAQABAoIBAE+tfzWFjJbgJ0ql\\n' +","        's6Ozs020Sh4U8TZQuonJ4HhBbNbiTtdDgNObPK1uNadeNtgW5fOeIRdKN6iDjVeN\\n' +","        'AuXhQrmqGDYVZ1HSGUfD74sTrZQvRlWPLWtzdhybK6Css41YAyPFo9k4bJ2ZW2b/\\n' +","        'p4EEQ8WsNja9oBpttMU6YYUchGxo1gujN8hmfDdXUQx3k5Xwx4KA68dveJ8GasIt\\n' +","        'd+0Jd/FVwCyyx8HTiF1FF8QZYQeAXxbXJgLBuCsMQJghlcpBEzWkscBR3Ap1U0Zi\\n' +","        '4oat8wrPZGCblaA6rNkRUVbc/+Vw0stnuJ/BLHbPxyBs6w495yBSjBqUWZMvljNz\\n' +","        'm9/aK0ECgYEA9oVIVAd0enjSVIyAZNbw11ElidzdtBkeIJdsxqhmXzeIFZbB39Gd\\n' +","        'bjtAVclVbq5mLsI1j22ER2rHA4Ygkn6vlLghK3ZMPxZa57oJtmL3oP0RvOjE4zRV\\n' +","        'dzKexNGo9gU/x9SQbuyOmuauvAYhXZxeLpv+lEfsZTqqrvPUGeBiEQcCgYEA8poG\\n' +","        'WVnykWuTmCe0bMmvYDsWpAEiZnFLDaKcSbz3O7RMGbPy1cypmqSinIYUpURBT/WY\\n' +","        'wVPAGtjkuTXtd1Cy58m7PqziB7NNWMcsMGj+lWrTPZ6hCHIBcAImKEPpd+Y9vGJX\\n' +","        'oatFJguqAGOz7rigBq6iPfeQOCWpmprNAuah++cCgYB1gcybOT59TnA7mwlsh8Qf\\n' +","        'bm+tSllnin2A3Y0dGJJLmsXEPKtHS7x2Gcot2h1d98V/TlWHe5WNEUmx1VJbYgXB\\n' +","        'pw8wj2ACxl4ojNYqWPxegaLd4DpRbtW6Tqe9e47FTnU7hIggR6QmFAWAXI+09l8y\\n' +","        'amssNShqjE9lu5YDi6BTKwKBgQCuIlKGViLfsKjrYSyHnajNWPxiUhIgGBf4PI0T\\n' +","        '/Jg1ea/aDykxv0rKHnw9/5vYGIsM2st/kR7l5mMecg/2Qa145HsLfMptHo1ZOPWF\\n' +","        '9gcuttPTegY6aqKPhGthIYX2MwSDMM+X0ri6m0q2JtqjclAjG7yG4CjbtGTt/UlE\\n' +","        'WMlSZwKBgQDslGeLUnkW0bsV5EG3AKRUyPKz/6DVNuxaIRRhOeWVKV101claqXAT\\n' +","        'wXOpdKrvkjZbT4AzcNrlGtRl3l7dEVXTu+dN7/ZieJRu7zaStlAQZkIyP9O3DdQ3\\n' +","        'rIcetQpfrJ1cAqz6Ng0pD0mh77vQ13WG1BBmDFa2A9BuzLoBituf4g==\\n' +","        '-----END RSA PRIVATE KEY-----',","    cert: '-----BEGIN CERTIFICATE-----\\n' +","        'MIICpDCCAYwCCQCuVLVKVTXnAjANBgkqhkiG9w0BAQsFADAUMRIwEAYDVQQDEwls\\n' +","        'b2NhbGhvc3QwHhcNMTUwMjEyMTEzMjU4WhcNMjUwMjA5MTEzMjU4WjAUMRIwEAYD\\n' +","        'VQQDEwlsb2NhbGhvc3QwggEiMA0GCSqGSIb3DQEBAQUAA4IBDwAwggEKAoIBAQDp\\n' +","        'nlCqHD6hZ+G0SIwcTfYe33ibBMGkB+O3e8+lfwzsMwJPAezXFxe9DiVDevCt4NM5\\n' +","        'Z2gl4QTLuAzFeofSPDRZ8HH7wgglTr3Gy07JPsVEUO8DXJNFdjbK30rmzpIqR6f9\\n' +","        '5sx+ZlH7Tc0PhQWwPOTPQV+ByOuReaswXkSHlRdf/71gd5TGWnSAwC379K6ZKaAJ\\n' +","        'rKzFkuMul3i5fP5f4lXGyTUAKDU2gQ7uVYkL/dYE/swhy7bBWwx3Zd6AtPSBZh9P\\n' +","        'X+OwgfrhT+ZL9JVcL1CHEyX1h+SjaTHU6JiEPGEezvlElmGs1HGB+LCBJvnQbDg0\\n' +","        'BBoMjGv8Mk90uGCeljpRAgMBAAEwDQYJKoZIhvcNAQELBQADggEBABXm8GPdY0sc\\n' +","        'mMUFlgDqFzcevjdGDce0QfboR+M7WDdm512Jz2SbRTgZD/4na42ThODOZz9z1AcM\\n' +","        'zLgx2ZNZzVhBz0odCU4JVhOCEks/OzSyKeGwjIb4JAY7dh+Kju1+6MNfQJ4r1Hza\\n' +","        'SVXH0+JlpJDaJ73NQ2JyfqELmJ1mTcptkA/N6rQWhlzycTBSlfogwf9xawgVPATP\\n' +","        '4AuwgjHl12JI2HVVs1gu65Y3slvaHRCr0B4+Kg1GYNLLcbFcK+NEHrHmPxy9TnTh\\n' +","        'Zwp1dsNQU+Xkylz8IUANWSLHYZOMtN2e5SKIdwTtl5C8YxveuY8YKb1gDExnMraT\\n' +","        'VGXQDqPleug=\\n' +","        '-----END CERTIFICATE-----',","    // default iojs cipher set, copied from https://certsimple.com/blog/a-plus-node-js-ssl","    // use defaults provided by nodejs/iojs","    /*","    ciphers: [","        'ECDHE-RSA-AES256-SHA384',","        'DHE-RSA-AES256-SHA384',","        'ECDHE-RSA-AES256-SHA256',","        'DHE-RSA-AES256-SHA256',","        'ECDHE-RSA-AES128-SHA256',","        'DHE-RSA-AES128-SHA256',","        'HIGH',","        '!aNULL',","        '!eNULL',","        '!EXPORT',","        '!DES',","        '!RC4',","        '!MD5',","        '!PSK',","        '!SRP',","        '!CAMELLIA'","    ].join(':'),*/","    honorCipherOrder: true,","    requestOCSP: false","};","","/**"," * Mixes existing values with the default ones."," *"," * @param {Object} [opts] TLS options"," * @returns {Object} Object with mixed TLS values"," */","function getTLSOptions(opts) {","    let result = {};","","    opts = opts || {};","","    Object.keys(opts).forEach(key => result[key] = opts[key]);","","    Object.keys(tlsDefaults).forEach(key => {","        if (!(key in result)) {","            result[key] = tlsDefaults[key];","        }","    });","","    return result;","}",""],"l":{"4":1,"6":1,"84":1,"85":0,"87":0,"89":0,"91":0,"92":0,"93":0,"97":0}},"/home/travis/build/npmtest/node-npmtest-smtp-server/node_modules/smtp-server/Gruntfile.js":{"path":"/home/travis/build/npmtest/node-npmtest-smtp-server/node_modules/smtp-server/Gruntfile.js","s":{"1":1,"2":0,"3":0,"4":0,"5":0},"b":{},"f":{"1":0},"fnMap":{"1":{"name":"(anonymous_1)","line":3,"loc":{"start":{"line":3,"column":17},"end":{"line":3,"column":34}}}},"statementMap":{"1":{"start":{"line":3,"column":0},"end":{"line":27,"column":2}},"2":{"start":{"line":6,"column":4},"end":{"line":19,"column":7}},"3":{"start":{"line":22,"column":4},"end":{"line":22,"column":39}},"4":{"start":{"line":23,"column":4},"end":{"line":23,"column":43}},"5":{"start":{"line":26,"column":4},"end":{"line":26,"column":59}}},"branchMap":{},"code":["'use strict';","","module.exports = function (grunt) {","","    // Project configuration.","    grunt.initConfig({","        eslint: {","            all: ['lib/*.js', 'test/*.js', 'examples/*.js', 'Gruntfile.js']","        },","","        mochaTest: {","            all: {","                options: {","                    reporter: 'spec'","                },","                src: ['test/*-test.js']","            }","        }","    });","","    // Load the plugin(s)","    grunt.loadNpmTasks('grunt-eslint');","    grunt.loadNpmTasks('grunt-mocha-test');","","    // Tasks","    grunt.registerTask('default', ['eslint', 'mochaTest']);","};",""],"l":{"3":1,"6":0,"22":0,"23":0,"26":0}}}